Log file open, 03/01/18 10:43:56
LogWindows: Failed to load 'aqProf.dll' (GetLastError=126)
LogWindows: File 'aqProf.dll' does not exist
LogWindows: Failed to load 'VtuneApi.dll' (GetLastError=126)
LogWindows: File 'VtuneApi.dll' does not exist
LogWindows: Failed to load 'VtuneApi32e.dll' (GetLastError=126)
LogWindows: File 'VtuneApi32e.dll' does not exist
LogInit: Display: Running engine for game: EscapeRoom
LogPlatformFile: Not using cached read wrapper
LogInit: Display: RandInit(-1420959198) SRandInit(-1420959198).
LogInit: Read version file with build ID '3709383'
LogInit: Overriding engine version to CL 3832480, compatible CL 3709383
LogInit: Registered custom module enumerator with build ID '3709383'
LogTaskGraph: Started task graph with 5 named threads and 14 total threads with 3 sets of task threads.
LogStats: Stats thread started at 0.160631
LogD3D11RHI: Aftermath initialized
LogPluginManager: Mounting plugin Paper2D
LogPluginManager: Mounting plugin LightPropagationVolume
LogPluginManager: Mounting plugin CodeLiteSourceCodeAccess
LogPluginManager: Mounting plugin GitSourceControl
LogPluginManager: Mounting plugin KDevelopSourceCodeAccess
LogPluginManager: Mounting plugin NullSourceCodeAccess
LogPluginManager: Mounting plugin PerforceSourceControl
LogPluginManager: Mounting plugin SubversionSourceControl
LogPluginManager: Mounting plugin UObjectPlugin
LogPluginManager: Mounting plugin VisualStudioCodeSourceCodeAccess
LogPluginManager: Mounting plugin VisualStudioSourceCodeAccess
LogPluginManager: Mounting plugin XCodeSourceCodeAccess
LogPluginManager: Mounting plugin AssetManagerEditor
LogPluginManager: Mounting plugin AudioCapture
LogPluginManager: Mounting plugin FacialAnimation
LogPluginManager: Mounting plugin GameplayTagsEditor
LogPluginManager: Mounting plugin MobileLauncherProfileWizard
LogPluginManager: Mounting plugin PluginBrowser
LogPluginManager: Mounting plugin SpeedTreeImporter
LogPluginManager: Mounting plugin AlembicImporter
LogPluginManager: Mounting plugin CharacterAI
LogPluginManager: Mounting plugin HTML5Networking
LogPluginManager: Mounting plugin AndroidMedia
LogPluginManager: Mounting plugin AvfMedia
LogPluginManager: Mounting plugin ImgMedia
LogPluginManager: Mounting plugin MediaCompositing
LogPluginManager: Mounting plugin MediaPlayerEditor
LogPluginManager: Mounting plugin WmfMedia
LogPluginManager: Mounting plugin TcpMessaging
LogPluginManager: Mounting plugin UdpMessaging
LogPluginManager: Mounting plugin ActorSequence
LogPluginManager: Mounting plugin LevelSequenceEditor
LogPluginManager: Mounting plugin MatineeToLevelSequence
LogPluginManager: Mounting plugin OnlineSubsystemGooglePlay
LogPluginManager: Mounting plugin OnlineSubsystemIOS
LogPluginManager: Mounting plugin OnlineSubsystem
LogPluginManager: Mounting plugin OnlineSubsystemNull
LogPluginManager: Mounting plugin OnlineSubsystemUtils
LogPluginManager: Mounting plugin AndroidDeviceProfileSelector
LogPluginManager: Mounting plugin AndroidMoviePlayer
LogPluginManager: Mounting plugin AndroidPermission
LogPluginManager: Mounting plugin AppleARKit
LogPluginManager: Mounting plugin AppleMoviePlayer
LogPluginManager: Mounting plugin ArchVisCharacter
LogPluginManager: Mounting plugin CableComponent
LogPluginManager: Mounting plugin CustomMeshComponent
LogPluginManager: Mounting plugin ExampleDeviceProfileSelector
LogPluginManager: Mounting plugin GoogleCloudMessaging
LogPluginManager: Mounting plugin ImmediatePhysics
LogPluginManager: Mounting plugin IOSDeviceProfileSelector
LogPluginManager: Mounting plugin LinuxDeviceProfileSelector
LogPluginManager: Mounting plugin LocationServicesBPLibrary
LogPluginManager: Mounting plugin MobilePatchingUtils
LogPluginManager: Mounting plugin OculusVR
LogPluginManager: Plugin shader directory ../../../Engine/Plugins/Runtime/Oculus/OculusVR/Shaders found
LogPluginManager: Mapping shader source directory ../../../Engine/Plugins/Runtime/Oculus/OculusVR/Shaders to virtual directory /Plugin/OculusVR
LogPluginManager: Mounting plugin PhysXVehicles
LogPluginManager: Mounting plugin ProceduralMeshComponent
LogPluginManager: Mounting plugin RuntimePhysXCooking
LogPluginManager: Mounting plugin SteamVR
LogPluginManager: Mounting plugin WindowsMoviePlayer
LogModuleManager: Display: Found up-to-date module file ../../../../../../Users/lol/Documents/Git/EscapeRoom/EscapeRoom/Binaries/Win64/UE4Editor-EscapeRoom.dll (API version 3709383).
LogModuleManager: Display: Found up-to-date module file ../../../Engine/Plugins/2D/Paper2D/Binaries/Win64/UE4Editor-Paper2D.dll (API version 3709383).
LogModuleManager: Display: Found up-to-date module file ../../../Engine/Plugins/2D/Paper2D/Binaries/Win64/UE4Editor-Paper2DEditor.dll (API version 3709383).
LogModuleManager: Display: Found up-to-date module file ../../../Engine/Plugins/2D/Paper2D/Binaries/Win64/UE4Editor-PaperSpriteSheetImporter.dll (API version 3709383).
LogModuleManager: Display: Found up-to-date module file ../../../Engine/Plugins/2D/Paper2D/Binaries/Win64/UE4Editor-PaperTiledImporter.dll (API version 3709383).
LogModuleManager: Display: Found up-to-date module file ../../../Engine/Plugins/2D/Paper2D/Binaries/Win64/UE4Editor-SmartSnapping.dll (API version 3709383).
LogModuleManager: Display: Found up-to-date module file ../../../Engine/Plugins/Blendables/LightPropagationVolume/Binaries/Win64/UE4Editor-LightPropagationVolumeRuntime.dll (API version 3709383).
LogModuleManager: Display: Found up-to-date module file ../../../Engine/Plugins/Blendables/LightPropagationVolume/Binaries/Win64/UE4Editor-LightPropagationVolumeEditor.dll (API version 3709383).
LogModuleManager: Display: Found up-to-date module file ../../../Engine/Plugins/Developer/GitSourceControl/Binaries/Win64/UE4Editor-GitSourceControl.dll (API version 3709383).
LogModuleManager: Display: Found up-to-date module file ../../../Engine/Plugins/Developer/PerforceSourceControl/Binaries/Win64/UE4Editor-PerforceSourceControl.dll (API version 3709383).
LogModuleManager: Display: Found up-to-date module file ../../../Engine/Plugins/Developer/SubversionSourceControl/Binaries/Win64/UE4Editor-SubversionSourceControl.dll (API version 3709383).
LogModuleManager: Display: Found up-to-date module file ../../../Engine/Plugins/Developer/UObjectPlugin/Binaries/Win64/UE4Editor-UObjectPlugin.dll (API version 3709383).
LogModuleManager: Display: Found up-to-date module file ../../../Engine/Plugins/Developer/VisualStudioCodeSourceCodeAccess/Binaries/Win64/UE4Editor-VisualStudioCodeSourceCodeAccess.dll (API version 3709383).
LogModuleManager: Display: Found up-to-date module file ../../../Engine/Plugins/Developer/VisualStudioSourceCodeAccess/Binaries/Win64/UE4Editor-VisualStudioSourceCodeAccess.dll (API version 3709383).
LogModuleManager: Display: Found up-to-date module file ../../../Engine/Plugins/Editor/AssetManagerEditor/Binaries/Win64/UE4Editor-AssetManagerEditor.dll (API version 3709383).
LogModuleManager: Display: Found up-to-date module file ../../../Engine/Plugins/Editor/AudioCapture/Binaries/Win64/UE4Editor-AudioCapture.dll (API version 3709383).
LogModuleManager: Display: Found up-to-date module file ../../../Engine/Plugins/Editor/FacialAnimation/Binaries/Win64/UE4Editor-FacialAnimation.dll (API version 3709383).
LogModuleManager: Display: Found up-to-date module file ../../../Engine/Plugins/Editor/FacialAnimation/Binaries/Win64/UE4Editor-FacialAnimationEditor.dll (API version 3709383).
LogModuleManager: Display: Found up-to-date module file ../../../Engine/Plugins/Editor/GameplayTagsEditor/Binaries/Win64/UE4Editor-GameplayTagsEditor.dll (API version 3709383).
LogModuleManager: Display: Found up-to-date module file ../../../Engine/Plugins/Editor/MobileLauncherProfileWizard/Binaries/Win64/UE4Editor-MobileLauncherProfileWizard.dll (API version 3709383).
LogModuleManager: Display: Found up-to-date module file ../../../Engine/Plugins/Editor/PluginBrowser/Binaries/Win64/UE4Editor-PluginBrowser.dll (API version 3709383).
LogModuleManager: Display: Found up-to-date module file ../../../Engine/Plugins/Editor/SpeedTreeImporter/Binaries/Win64/UE4Editor-SpeedTreeImporter.dll (API version 3709383).
LogModuleManager: Display: Found up-to-date module file ../../../Engine/Plugins/Experimental/AlembicImporter/Binaries/Win64/UE4Editor-AlembicImporter.dll (API version 3709383).
LogModuleManager: Display: Found up-to-date module file ../../../Engine/Plugins/Experimental/AlembicImporter/Binaries/Win64/UE4Editor-AlembicLibrary.dll (API version 3709383).
LogModuleManager: Display: Found up-to-date module file ../../../Engine/Plugins/Experimental/CharacterAI/Binaries/Win64/UE4Editor-CharacterAI.dll (API version 3709383).
LogModuleManager: Display: Found up-to-date module file ../../../Engine/Plugins/Experimental/HTML5Networking/Binaries/Win64/UE4Editor-HTML5Networking.dll (API version 3709383).
LogModuleManager: Display: Found up-to-date module file ../../../Engine/Plugins/Media/AndroidMedia/Binaries/Win64/UE4Editor-AndroidMediaEditor.dll (API version 3709383).
LogModuleManager: Display: Found up-to-date module file ../../../Engine/Plugins/Media/AndroidMedia/Binaries/Win64/UE4Editor-AndroidMediaFactory.dll (API version 3709383).
LogModuleManager: Display: Found up-to-date module file ../../../Engine/Plugins/Media/AvfMedia/Binaries/Win64/UE4Editor-AvfMediaEditor.dll (API version 3709383).
LogModuleManager: Display: Found up-to-date module file ../../../Engine/Plugins/Media/AvfMedia/Binaries/Win64/UE4Editor-AvfMediaFactory.dll (API version 3709383).
LogModuleManager: Display: Found up-to-date module file ../../../Engine/Plugins/Media/AvfMedia/Binaries/Win64/UE4Editor-AvfMediaFactory.dll (API version 3709383).
LogModuleManager: Display: Found up-to-date module file ../../../Engine/Plugins/Media/ImgMedia/Binaries/Win64/UE4Editor-ImgMedia.dll (API version 3709383).
LogModuleManager: Display: Found up-to-date module file ../../../Engine/Plugins/Media/ImgMedia/Binaries/Win64/UE4Editor-ImgMediaEditor.dll (API version 3709383).
LogModuleManager: Display: Found up-to-date module file ../../../Engine/Plugins/Media/ImgMedia/Binaries/Win64/UE4Editor-ImgMediaFactory.dll (API version 3709383).
LogModuleManager: Display: Found up-to-date module file ../../../Engine/Plugins/Media/ImgMedia/Binaries/Win64/UE4Editor-ImgMediaFactory.dll (API version 3709383).
LogModuleManager: Display: Found up-to-date module file ../../../Engine/Plugins/Media/ImgMedia/Binaries/Win64/UE4Editor-OpenExrWrapper.dll (API version 3709383).
LogModuleManager: Display: Found up-to-date module file ../../../Engine/Plugins/Media/MediaCompositing/Binaries/Win64/UE4Editor-MediaCompositing.dll (API version 3709383).
LogModuleManager: Display: Found up-to-date module file ../../../Engine/Plugins/Media/MediaCompositing/Binaries/Win64/UE4Editor-MediaCompositingEditor.dll (API version 3709383).
LogModuleManager: Display: Found up-to-date module file ../../../Engine/Plugins/Media/MediaPlayerEditor/Binaries/Win64/UE4Editor-MediaPlayerEditor.dll (API version 3709383).
LogModuleManager: Display: Found up-to-date module file ../../../Engine/Plugins/Media/WmfMedia/Binaries/Win64/UE4Editor-WmfMedia.dll (API version 3709383).
LogModuleManager: Display: Found up-to-date module file ../../../Engine/Plugins/Media/WmfMedia/Binaries/Win64/UE4Editor-WmfMediaEditor.dll (API version 3709383).
LogModuleManager: Display: Found up-to-date module file ../../../Engine/Plugins/Media/WmfMedia/Binaries/Win64/UE4Editor-WmfMediaFactory.dll (API version 3709383).
LogModuleManager: Display: Found up-to-date module file ../../../Engine/Plugins/Media/WmfMedia/Binaries/Win64/UE4Editor-WmfMediaFactory.dll (API version 3709383).
LogModuleManager: Display: Found up-to-date module file ../../../Engine/Plugins/Messaging/TcpMessaging/Binaries/Win64/UE4Editor-TcpMessaging.dll (API version 3709383).
LogModuleManager: Display: Found up-to-date module file ../../../Engine/Plugins/Messaging/UdpMessaging/Binaries/Win64/UE4Editor-UdpMessaging.dll (API version 3709383).
LogModuleManager: Display: Found up-to-date module file ../../../Engine/Plugins/MovieScene/ActorSequence/Binaries/Win64/UE4Editor-ActorSequence.dll (API version 3709383).
LogModuleManager: Display: Found up-to-date module file ../../../Engine/Plugins/MovieScene/LevelSequenceEditor/Binaries/Win64/UE4Editor-LevelSequenceEditor.dll (API version 3709383).
LogModuleManager: Display: Found up-to-date module file ../../../Engine/Plugins/MovieScene/MatineeToLevelSequence/Binaries/Win64/UE4Editor-MatineeToLevelSequence.dll (API version 3709383).
LogModuleManager: Display: Found up-to-date module file ../../../Engine/Plugins/Online/OnlineSubsystem/Binaries/Win64/UE4Editor-OnlineSubsystem.dll (API version 3709383).
LogModuleManager: Display: Found up-to-date module file ../../../Engine/Plugins/Online/OnlineSubsystemNull/Binaries/Win64/UE4Editor-OnlineSubsystemNull.dll (API version 3709383).
LogModuleManager: Display: Found up-to-date module file ../../../Engine/Plugins/Online/OnlineSubsystemUtils/Binaries/Win64/UE4Editor-OnlineSubsystemUtils.dll (API version 3709383).
LogModuleManager: Display: Found up-to-date module file ../../../Engine/Plugins/Online/OnlineSubsystemUtils/Binaries/Win64/UE4Editor-OnlineBlueprintSupport.dll (API version 3709383).
LogModuleManager: Display: Found up-to-date module file ../../../Engine/Plugins/Runtime/AndroidDeviceProfileSelector/Binaries/Win64/UE4Editor-AndroidDeviceProfileSelector.dll (API version 3709383).
LogModuleManager: Display: Found up-to-date module file ../../../Engine/Plugins/Runtime/AndroidPermission/Binaries/Win64/UE4Editor-AndroidPermission.dll (API version 3709383).
LogModuleManager: Display: Found up-to-date module file ../../../Engine/Plugins/Runtime/AppleARKit/Binaries/Win64/UE4Editor-AppleARKit.dll (API version 3709383).
LogModuleManager: Display: Found up-to-date module file ../../../Engine/Plugins/Runtime/ArchVisCharacter/Binaries/Win64/UE4Editor-ArchVisCharacter.dll (API version 3709383).
LogModuleManager: Display: Found up-to-date module file ../../../Engine/Plugins/Runtime/CableComponent/Binaries/Win64/UE4Editor-CableComponent.dll (API version 3709383).
LogModuleManager: Display: Found up-to-date module file ../../../Engine/Plugins/Runtime/CustomMeshComponent/Binaries/Win64/UE4Editor-CustomMeshComponent.dll (API version 3709383).
LogModuleManager: Display: Found up-to-date module file ../../../Engine/Plugins/Runtime/ExampleDeviceProfileSelector/Binaries/Win64/UE4Editor-ExampleDeviceProfileSelector.dll (API version 3709383).
LogModuleManager: Display: Found up-to-date module file ../../../Engine/Plugins/Runtime/ImmediatePhysics/Binaries/Win64/UE4Editor-ImmediatePhysics.dll (API version 3709383).
LogModuleManager: Display: Found up-to-date module file ../../../Engine/Plugins/Runtime/ImmediatePhysics/Binaries/Win64/UE4Editor-ImmediatePhysicsEditor.dll (API version 3709383).
LogModuleManager: Display: Found up-to-date module file ../../../Engine/Plugins/Runtime/LocationServicesBPLibrary/Binaries/Win64/UE4Editor-LocationServicesBPLibrary.dll (API version 3709383).
LogModuleManager: Display: Found up-to-date module file ../../../Engine/Plugins/Runtime/MobilePatchingUtils/Binaries/Win64/UE4Editor-MobilePatchingUtils.dll (API version 3709383).
LogModuleManager: Display: Found up-to-date module file ../../../Engine/Plugins/Runtime/Oculus/OculusVR/Binaries/Win64/UE4Editor-OculusHMD.dll (API version 3709383).
LogModuleManager: Display: Found up-to-date module file ../../../Engine/Plugins/Runtime/Oculus/OculusVR/Binaries/Win64/UE4Editor-OculusInput.dll (API version 3709383).
LogModuleManager: Display: Found up-to-date module file ../../../Engine/Plugins/Runtime/Oculus/OculusVR/Binaries/Win64/UE4Editor-OculusEditor.dll (API version 3709383).
LogModuleManager: Display: Found up-to-date module file ../../../Engine/Plugins/Runtime/PhysXVehicles/Binaries/Win64/UE4Editor-PhysXVehicles.dll (API version 3709383).
LogModuleManager: Display: Found up-to-date module file ../../../Engine/Plugins/Runtime/PhysXVehicles/Binaries/Win64/UE4Editor-PhysXVehiclesEditor.dll (API version 3709383).
LogModuleManager: Display: Found up-to-date module file ../../../Engine/Plugins/Runtime/ProceduralMeshComponent/Binaries/Win64/UE4Editor-ProceduralMeshComponent.dll (API version 3709383).
LogModuleManager: Display: Found up-to-date module file ../../../Engine/Plugins/Runtime/ProceduralMeshComponent/Binaries/Win64/UE4Editor-ProceduralMeshComponentEditor.dll (API version 3709383).
LogModuleManager: Display: Found up-to-date module file ../../../Engine/Plugins/Runtime/RuntimePhysXCooking/Binaries/Win64/UE4Editor-RuntimePhysXCooking.dll (API version 3709383).
LogModuleManager: Display: Found up-to-date module file ../../../Engine/Plugins/Runtime/Steam/SteamVR/Binaries/Win64/UE4Editor-SteamVR.dll (API version 3709383).
LogModuleManager: Display: Found up-to-date module file ../../../Engine/Plugins/Runtime/Steam/SteamVR/Binaries/Win64/UE4Editor-SteamVRController.dll (API version 3709383).
LogModuleManager: Display: Found up-to-date module file ../../../Engine/Plugins/Runtime/WindowsMoviePlayer/Binaries/Win64/UE4Editor-WindowsMoviePlayer.dll (API version 3709383).
LogInit: Using libcurl 7.47.1
LogInit:  - built for x86_64-pc-win32
LogInit:  - supports SSL with OpenSSL/1.0.2g
LogInit:  - supports HTTP deflate (compression) using libz 1.2.8
LogInit:  - other features:
LogInit:      CURL_VERSION_SSL
LogInit:      CURL_VERSION_LIBZ
LogInit:      CURL_VERSION_IPV6
LogInit:      CURL_VERSION_ASYNCHDNS
LogInit:      CURL_VERSION_LARGEFILE
LogInit:      CURL_VERSION_IDN
LogInit:  CurlRequestOptions (configurable via config and command line):
LogInit:  - bVerifyPeer = false  - Libcurl will NOT verify peer certificate
LogInit:  - bUseHttpProxy = false  - Libcurl will NOT use HTTP proxy
LogInit:  - bDontReuseConnections = false  - Libcurl will reuse connections
LogInit:  - CertBundlePath = nullptr  - Libcurl will use whatever was configured at build time.
LogHMD: Failed initializing OVRPlugin 1.19.0
LogInit: Build: ++UE4+Release-4.18-CL-3832480
LogInit: Engine Version: 4.18.3-3832480+++UE4+Release-4.18
LogInit: Compatible Engine Version: 4.18.0-3709383+++UE4+Release-4.18
LogInit: Net CL: 3709383
LogDevObjectVersion: Number of dev versions registered: 16
LogDevObjectVersion:   Dev-Blueprints (B0D832E4-1F89-4F0D-ACCF-7EB736FD4AA2): 10
LogDevObjectVersion:   Dev-Build (E1C64328-A22C-4D53-A36C-8E866417BD8C): 0
LogDevObjectVersion:   Dev-Core (375EC13C-06E4-48FB-B500-84F0262A717E): 2
LogDevObjectVersion:   Dev-Editor (E4B068ED-F494-42E9-A231-DA0B2E46BB41): 20
LogDevObjectVersion:   Dev-Framework (CFFC743F-43B0-4480-9391-14DF171D2073): 30
LogDevObjectVersion:   Dev-Mobile (B02B49B5-BB20-44E9-A304-32B752E40360): 0
LogDevObjectVersion:   Dev-Networking (A4E4105C-59A1-49B5-A7C5-40C4547EDFEE): 0
LogDevObjectVersion:   Dev-Online (39C831C9-5AE6-47DC-9A44-9C173E1C8E7C): 0
LogDevObjectVersion:   Dev-Physics (78F01B33-EBEA-4F98-B9B4-84EACCB95AA2): 0
LogDevObjectVersion:   Dev-Platform (6631380F-2D4D-43E0-8009-CF276956A95A): 0
LogDevObjectVersion:   Dev-Rendering (12F88B9F-8875-4AFC-A67C-D90C383ABD29): 20
LogDevObjectVersion:   Dev-Sequencer (7B5AE74C-D270-4C10-A958-57980B212A5A): 4
LogDevObjectVersion:   Dev-VR (D7296918-1DD6-4BDD-9DE2-64A83CC13884): 0
LogDevObjectVersion:   Dev-LoadTimes (C2A15278-BFE7-4AFE-6C17-90FF531DF755): 1
LogDevObjectVersion:   Private-Geometry (6EACA3D4-40EC-4CC1-B786-8BED09428FC5): 1
LogDevObjectVersion:   Dev-AnimPhys (29E575DD-E0A3-4627-9D10-D276232CDCEA): 12
LogInit: Compiled (64-bit): Jan 12 2018 02:04:55
LogInit: Compiled with Visual C++: 19.00.24215.01
LogInit: Build Configuration: Development
LogInit: Branch Name: ++UE4+Release-4.18
LogInit: Command line: -EpicPortal 
LogInit: Base directory: C:/Program Files/Epic Games/UE_4.18/Engine/Binaries/Win64/
LogInit: Installed Engine Build: 1
LogInit: Presizing for max 8388607 objects, including 0 objects not considered by GC, pre-allocating 0 bytes for permanent pool.
LogInit: Object subsystem initialized
[2018.03.01-16.43.58:839][  0]LogInit: Selected Device Profile: [Windows]
[2018.03.01-16.43.58:839][  0]LogInit: Applying CVar settings loaded from the selected device profile: [Windows]
[2018.03.01-16.43.58:848][  0]LogInit: Computer: DESKTOP-NLDOG7Q
[2018.03.01-16.43.58:848][  0]LogInit: User: lol
[2018.03.01-16.43.58:848][  0]LogInit: CPU Page size=4096, Cores=4
[2018.03.01-16.43.58:848][  0]LogInit: High frequency timer resolution =3.914064 MHz
[2018.03.01-16.43.58:848][  0]LogMemory: Memory total: Physical=16.0GB (16GB approx)
[2018.03.01-16.43.58:848][  0]LogMemory: Platform Memory Stats for Windows
[2018.03.01-16.43.58:848][  0]LogMemory: Process Physical Memory: 280.27 MB used, 280.27 MB peak
[2018.03.01-16.43.58:848][  0]LogMemory: Process Virtual Memory: 276.32 MB used, 276.32 MB peak
[2018.03.01-16.43.58:848][  0]LogMemory: Physical Memory: 8122.06 MB used,  8210.98 MB free, 16333.05 MB total
[2018.03.01-16.43.58:848][  0]LogMemory: Virtual Memory: 730.98 MB used,  8210.98 MB free, 134217728.00 MB total
[2018.03.01-16.43.58:963][  0]LogInit: Using OS detected language (en-US).
[2018.03.01-16.43.58:963][  0]LogInit: Using OS detected locale (en-US).
[2018.03.01-16.43.58:965][  0]LogTextLocalizationManager: No specific localization for 'en-US' exists, so the 'en' localization will be used.
[2018.03.01-16.43.59:286][  0]LogInit: Setting process to per monitor DPI aware
[2018.03.01-16.43.59:512][  0]LogD3D11RHI: D3D11 adapters:
[2018.03.01-16.43.59:554][  0]LogD3D11RHI:    0. 'NVIDIA GeForce GTX 1060 6GB' (Feature Level 11_0)
[2018.03.01-16.43.59:554][  0]LogD3D11RHI:       6061/0/8166 MB DedicatedVideo/DedicatedSystem/SharedSystem, Outputs:3, VendorId:0x10de
[2018.03.01-16.43.59:556][  0]LogD3D11RHI:    1. 'Microsoft Basic Render Driver' (Feature Level 11_0)
[2018.03.01-16.43.59:556][  0]LogD3D11RHI:       0/0/8166 MB DedicatedVideo/DedicatedSystem/SharedSystem, Outputs:0, VendorId:0x1414
[2018.03.01-16.43.59:556][  0]LogD3D11RHI: Chosen D3D11 Adapter: 0
[2018.03.01-16.43.59:563][  0]LogD3D11RHI: Creating new Direct3DDevice
[2018.03.01-16.43.59:563][  0]LogD3D11RHI:     GPU DeviceId: 0x1c03 (for the marketing name, search the web for "GPU Device Id")
[2018.03.01-16.43.59:563][  0]LogWindows: EnumDisplayDevices:
[2018.03.01-16.43.59:563][  0]LogWindows:    0. 'NVIDIA GeForce GTX 1060 6GB' (P:0 D:1)
[2018.03.01-16.43.59:563][  0]LogWindows:    1. 'NVIDIA GeForce GTX 1060 6GB' (P:0 D:1)
[2018.03.01-16.43.59:563][  0]LogWindows:    2. 'NVIDIA GeForce GTX 1060 6GB' (P:1 D:1)
[2018.03.01-16.43.59:563][  0]LogWindows:    3. 'NVIDIA GeForce GTX 1060 6GB' (P:0 D:0)
[2018.03.01-16.43.59:563][  0]LogWindows: DebugString: GetVideoDriverDetailsInvalid PrimaryIsNotTheChoosenAdapter GetVideoDriverDetailsInvalid PrimaryIsNotTheChoosenAdapter GetVideoDriverDetailsInvalid PrimaryIsNotTheChoosenAdapter GetVideoDriverDetailsInvalid PrimaryIsNotTheChoosenAdapter FoundDriverCount:0 
[2018.03.01-16.43.59:563][  0]LogD3D11RHI:     Adapter Name: NVIDIA GeForce GTX 1060 6GB
[2018.03.01-16.43.59:563][  0]LogD3D11RHI:   Driver Version: Unknown (internal:Unknown, unified:Unknown)
[2018.03.01-16.43.59:563][  0]LogD3D11RHI:      Driver Date: Unknown
[2018.03.01-16.43.59:563][  0]LogRHI: Texture pool is 4242 MB (70% of 6061 MB)
[2018.03.01-16.43.59:583][  0]LogD3D11RHI: Async texture creation enabled
[2018.03.01-16.43.59:593][  0]LogD3D11RHI: GPU Timing Frequency: 1000.000000 (Debug: 2 1)
[2018.03.01-16.43.59:737][  0]LogShaderCompilers: Guid format shader working directory is -20 characters bigger than the processId version (../../../../../../Users/lol/Documents/Git/EscapeRoom/EscapeRoom/Intermediate/Shaders/WorkingDirectory/17888/).
[2018.03.01-16.43.59:737][  0]LogShaderCompilers: Cleaned the shader compiler working directory 'C:/Users/lol/AppData/Local/Temp/UnrealShaderWorkingDir/6C6A1F0E414ED770522F989676959A42/'.
[2018.03.01-16.43.59:737][  0]LogShaderCompilers: Display: Using Local Shader Compiler.
[2018.03.01-16.44.00:431][  0]LogTemp: Display: Loaded TP AllDesktopTargetPlatform
[2018.03.01-16.44.00:471][  0]LogTemp: Display: Loaded TP MacClientTargetPlatform
[2018.03.01-16.44.00:511][  0]LogTemp: Display: Loaded TP MacNoEditorTargetPlatform
[2018.03.01-16.44.00:552][  0]LogTemp: Display: Loaded TP MacServerTargetPlatform
[2018.03.01-16.44.00:594][  0]LogTemp: Display: Loaded TP MacTargetPlatform
[2018.03.01-16.44.00:637][  0]LogTemp: Display: Loaded TP WindowsClientTargetPlatform
[2018.03.01-16.44.00:682][  0]LogTemp: Display: Loaded TP WindowsNoEditorTargetPlatform
[2018.03.01-16.44.00:726][  0]LogTemp: Display: Loaded TP WindowsServerTargetPlatform
[2018.03.01-16.44.00:763][  0]LogTemp: Display: Loaded TP WindowsTargetPlatform
[2018.03.01-16.44.00:807][  0]LogTemp: Display: Loaded TP Android_ASTCTargetPlatform
[2018.03.01-16.44.00:851][  0]LogTemp: Display: Loaded TP Android_ATCTargetPlatform
[2018.03.01-16.44.00:894][  0]LogTemp: Display: Loaded TP Android_DXTTargetPlatform
[2018.03.01-16.44.00:937][  0]LogTemp: Display: Loaded TP Android_ETC1TargetPlatform
[2018.03.01-16.44.00:977][  0]LogTemp: Display: Loaded TP Android_ETC2TargetPlatform
[2018.03.01-16.44.01:055][  0]LogTemp: Display: Loaded TP Android_MultiTargetPlatform
[2018.03.01-16.44.01:055][  0]LogTemp: Display: Loaded TP Android_PVRTCTargetPlatform
[2018.03.01-16.44.01:094][  0]LogTemp: Display: Loaded TP AndroidTargetPlatform
[2018.03.01-16.44.01:125][  0]LogTemp: Display: Loaded TP HTML5TargetPlatform
[2018.03.01-16.44.01:200][  0]LogTemp: Display: Loaded TP IOSTargetPlatform
[2018.03.01-16.44.01:221][  0]LogTemp: Display: Loaded TP TVOSTargetPlatform
[2018.03.01-16.44.01:259][  0]LogTemp: Display: Loaded TP LinuxClientTargetPlatform
[2018.03.01-16.44.01:297][  0]LogTemp: Display: Loaded TP LinuxNoEditorTargetPlatform
[2018.03.01-16.44.01:335][  0]LogTemp: Display: Loaded TP LinuxServerTargetPlatform
[2018.03.01-16.44.01:375][  0]LogTemp: Display: Loaded TP LinuxTargetPlatform
[2018.03.01-16.44.01:375][  0]LogTargetPlatformManager: Display: Building Assets For Windows
[2018.03.01-16.44.01:725][  0]LogDerivedDataCache: Display: Max Cache Size: 512 MB
[2018.03.01-16.44.01:778][  0]LogDerivedDataCache: Loaded boot cache 0.05s 78MB C:/Users/lol/AppData/Local/UnrealEngine/4.18/DerivedDataCache/Boot.ddc.
[2018.03.01-16.44.01:778][  0]LogDerivedDataCache: Display: Loaded Boot cache: C:/Users/lol/AppData/Local/UnrealEngine/4.18/DerivedDataCache/Boot.ddc
[2018.03.01-16.44.01:778][  0]LogDerivedDataCache: FDerivedDataBackendGraph:  Pak pak cache file ../../../../../../Users/lol/Documents/Git/EscapeRoom/EscapeRoom/DerivedDataCache/DDC.ddp not found, will not use a pak cache.
[2018.03.01-16.44.01:778][  0]LogDerivedDataCache: Unable to find inner node Pak for hierarchical cache Hierarchy.
[2018.03.01-16.44.01:778][  0]LogDerivedDataCache: FDerivedDataBackendGraph:  CompressedPak pak cache file ../../../../../../Users/lol/Documents/Git/EscapeRoom/EscapeRoom/DerivedDataCache/Compressed.ddp not found, will not use a pak cache.
[2018.03.01-16.44.01:778][  0]LogDerivedDataCache: Unable to find inner node CompressedPak for hierarchical cache Hierarchy.
[2018.03.01-16.44.01:791][  0]LogDerivedDataCache: Display: Pak cache opened for reading ../../../Engine/DerivedDataCache/Compressed.ddp.
[2018.03.01-16.44.01:802][  0]LogDerivedDataCache: Using Local data cache path C:/Users/lol/AppData/Local/UnrealEngine/Common/DerivedDataCache: Writable
[2018.03.01-16.44.01:810][  0]LogMaterial: Verifying Global Shaders for PCD3D_SM5
[2018.03.01-16.44.01:810][  0]LogSlate: Using Freetype 2.6.0
[2018.03.01-16.44.01:810][  0]LogSlate: SlateFontCache - WITH_FREETYPE: 1, WITH_HARFBUZZ: 1
[2018.03.01-16.44.01:810][  0]LogSlate: SlateFontCache - WITH_FREETYPE: 1, WITH_HARFBUZZ: 1
[2018.03.01-16.44.02:102][  0]LogInit: Selected Device Profile: [Windows]
[2018.03.01-16.44.02:362][  0]LogSimplygon: Simplygon DLL not present - disabling.
[2018.03.01-16.44.02:394][  0]LogMeshReduction: Using SimplygonSwarm for distributed automatic mesh merging
[2018.03.01-16.44.02:394][  0]LogMeshReduction: Using QuadricMeshReduction for automatic static mesh reduction
[2018.03.01-16.44.02:394][  0]LogMeshReduction: No automatic skeletal mesh reduction module available
[2018.03.01-16.44.02:394][  0]LogMeshReduction: No automatic mesh merging module available
[2018.03.01-16.44.02:394][  0]LogMeshMerging: No automatic mesh merging module available
[2018.03.01-16.44.02:425][  0]LogNetVersion: EscapeRoom , NetCL: 3709383, EngineNetVer: 2, GameNetVer: 0 (Checksum: 405036175)
[2018.03.01-16.44.02:554][  0]LogAssetRegistry: FAssetRegistry took 0.0250 seconds to start up
[2018.03.01-16.44.02:923][  0]LogPackageLocalizationCache: Processed 7 localized package path(s) for 2 prioritized culture(s) in 0.054863 seconds
[2018.03.01-16.44.02:928][  0]LogUObjectArray: 35870 objects as part of root set at end of initial load.
[2018.03.01-16.44.02:928][  0]LogUObjectAllocator: 7363704 out of 0 bytes used by permanent object pool.
[2018.03.01-16.44.02:928][  0]LogUObjectArray: CloseDisregardForGC: 0/0 objects in disregard for GC pool
[2018.03.01-16.44.02:970][  0]LogInit: WinSock: version 1.1 (2.2), MaxSocks=32767, MaxUdp=65467
[2018.03.01-16.44.05:099][  0]LogTcpMessaging: Initializing TcpMessaging bridge
[2018.03.01-16.44.05:132][  0]LogUdpMessaging: Initializing bridge on interface 0.0.0.0:0 to multicast group 230.0.0.1:6666.
[2018.03.01-16.44.05:810][  0]LogMaterial: Uniform references updated for custom material expression Custom.
[2018.03.01-16.44.06:164][  0]SourceControl: Source control is disabled
[2018.03.01-16.44.06:164][  0]SourceControl: Source control is disabled
[2018.03.01-16.44.06:208][  0]SourceControl: Source control is disabled
[2018.03.01-16.44.06:248][  0]SourceControl: Source control is disabled
[2018.03.01-16.44.06:856][  0]LogAndroidPermission: UAndroidPermissionCallbackProxy::GetInstance
[2018.03.01-16.44.07:058][  0]LogOcInput: OculusInput pre-init called
[2018.03.01-16.44.07:276][  0]LogEngine: Initializing Engine...
[2018.03.01-16.44.07:279][  0]LogHMD: Failed to initialize OpenVR with code 100
[2018.03.01-16.44.07:449][  0]LogStats: UGameplayTagsManager::ConstructGameplayTagTree: Construct from data asset -  0.000 s
[2018.03.01-16.44.07:449][  0]LogStats: UGameplayTagsManager::ConstructGameplayTagTree: GameplayTagTreeChangedEvent.Broadcast -  0.000 s
[2018.03.01-16.44.07:558][  0]LogAIModule: Creating AISystem for world Untitled
[2018.03.01-16.44.07:586][  0]LogInit: XAudio2 using 'Speakers (Realtek High Definition Audio)' : 2 channels at 48 kHz using 32 bits per sample (channel mask 0x3)
[2018.03.01-16.44.07:615][  0]LogInit: FAudioDevice initialized.
[2018.03.01-16.44.07:718][  0]LogDerivedDataCache: Saved boot cache 0.10s 78MB C:/Users/lol/AppData/Local/UnrealEngine/4.18/DerivedDataCache/Boot.ddc.
[2018.03.01-16.44.07:729][  0]LogInit: Texture streaming: Enabled
[2018.03.01-16.44.07:805][  0]LogEngineSessionManager: EngineSessionManager initialized
[2018.03.01-16.44.07:905][  0]LogInit: Transaction tracking system initialized
[2018.03.01-16.44.08:144][  0]BlueprintLog: New page: Editor Load
[2018.03.01-16.44.08:822][  0]LocalizationService: Localization service is disabled
[2018.03.01-16.44.09:410][  0]LogConsoleResponse: Display: 
[2018.03.01-16.44.09:547][  0]LogCook: Display: Max memory allowance for cook 16384mb min free memory 0mb
[2018.03.01-16.44.09:547][  0]LogCook: Display: Mobile HDR setting 1
[2018.03.01-16.44.09:547][  0]LogGameplayTags: Display: UGameplayTagsManager::DoneAddingNativeTags. DelegateIsBound: 0
[2018.03.01-16.44.10:422][  0]LogFileCache: Scanning file cache for directory 'C:/Users/lol/Documents/Git/EscapeRoom/EscapeRoom/Content/' took 0.01s
[2018.03.01-16.44.10:460][  0]SourceControl: Source control is disabled
[2018.03.01-16.44.10:460][  0]Cmd: MAP LOAD FILE="../../../../../../Users/lol/Documents/Git/EscapeRoom/EscapeRoom/Content/NewMap.umap" TEMPLATE=0 SHOWPROGRESS=1 FEATURELEVEL=3
[2018.03.01-16.44.10:460][  0]LightingResults: New page: Lighting Build
[2018.03.01-16.44.10:494][  0]MapCheck: New page: Map Check
[2018.03.01-16.44.10:494][  0]LightingResults: New page: Lighting Build
[2018.03.01-16.44.10:668][  0]LogAIModule: Creating AISystem for world NewMap
[2018.03.01-16.44.10:672][  0]LogEditorServer: Finished looking for orphan Actors (0.000 secs)
[2018.03.01-16.44.10:680][  0]Cmd: MAP CHECKDEP NOCLEARLOG
[2018.03.01-16.44.10:717][  0]MapCheck: Map check complete: 0 Error(s), 0 Warning(s), took 36.729ms to complete.
[2018.03.01-16.44.10:718][  0]LogFileHelpers: Loading map 'NewMap' took 0.258
[2018.03.01-16.44.10:915][  0]LogCollectionManager: Loaded 0 collections in 0.001292 seconds
[2018.03.01-16.44.11:022][  0]LogFileCache: Scanning file cache for directory 'C:/Users/lol/Documents/Git/EscapeRoom/EscapeRoom/Saved/Collections/' took 0.01s
[2018.03.01-16.44.11:022][  0]LogFileCache: Scanning file cache for directory 'C:/Users/lol/Documents/Git/EscapeRoom/EscapeRoom/Content/Developers/lol/Collections/' took 0.01s
[2018.03.01-16.44.11:023][  0]LogFileCache: Scanning file cache for directory 'C:/Users/lol/Documents/Git/EscapeRoom/EscapeRoom/Content/Collections/' took 0.01s
[2018.03.01-16.44.11:023][  0]LogCollectionManager: Rebuilt the GUID cache for 0 collections in 0.000000 seconds
[2018.03.01-16.44.11:029][  0]LogContentBrowser: Native class hierarchy populated in 0.0066 seconds. Added 2365 classes and 523 folders.
[2018.03.01-16.44.11:080][  0]LogContentBrowser: Native class hierarchy updated for 'WidgetCarousel' in 0.0004 seconds. Added 0 classes and 0 folders.
[2018.03.01-16.44.11:107][  0]LogContentBrowser: Native class hierarchy updated for 'AddContentDialog' in 0.0004 seconds. Added 0 classes and 0 folders.
[2018.03.01-16.44.11:192][  0]LogContentBrowser: Native class hierarchy updated for 'HierarchicalLODOutliner' in 0.0004 seconds. Added 1 classes and 2 folders.
[2018.03.01-16.44.11:192][  0]LogLoad: (Engine Initialization) Total time: 14.95 seconds
[2018.03.01-16.44.11:192][  0]LogLoad: (Engine Initialization) Total Blueprint compile time: 0.00 seconds
[2018.03.01-16.44.11:192][  0]LogExternalProfiler: Found external profiler: VSPerf
[2018.03.01-16.44.11:192][  0]LogExternalProfiler: Using external profiler: VSPerf
[2018.03.01-16.44.11:201][  0]LogWindowsTextInputMethodSystem: Display: IME system now deactivated.
[2018.03.01-16.44.11:214][  0]LogAssetRegistry: Asset discovery search completed in 8.6817 seconds
[2018.03.01-16.44.11:215][  0]LogCollectionManager: Rebuilt the object cache for 0 collections in 0.000001 seconds (found 0 objects)
[2018.03.01-16.44.11:215][  0]LogCollectionManager: Fixed up redirectors for 0 collections in 0.000038 seconds (updated 0 objects)
[2018.03.01-16.44.11:217][  0]LogContentStreaming: Texture pool size now 1000 MB
[2018.03.01-16.44.11:224][  0]LogSlate: Took 0.000155 seconds to synchronously load lazily loaded font '../../../Engine/Content/Slate/Fonts/Roboto-Regular.ttf' (155K)
[2018.03.01-16.44.11:226][  0]LogSlate: Took 0.000142 seconds to synchronously load lazily loaded font '../../../Engine/Content/Slate/Fonts/Roboto-Bold.ttf' (160K)
[2018.03.01-16.44.11:228][  0]LogSlate: Took 0.000100 seconds to synchronously load lazily loaded font '../../../Engine/Content/Editor/Slate/Fonts/FontAwesome.ttf' (139K)
[2018.03.01-16.44.11:312][  0]LogSlate: Took 0.000148 seconds to synchronously load lazily loaded font '../../../Engine/Content/Slate/Fonts/Roboto-Light.ttf' (159K)
[2018.03.01-16.44.11:352][  2]LogRenderer: Reallocating scene render targets to support 828x400 Format 10 NumSamples 1 (Frame:1).
[2018.03.01-16.44.16:154][172]LogRenderer: Reallocating scene render targets to support 1248x644 Format 10 NumSamples 1 (Frame:165).
[2018.03.01-16.44.51:304][704]LogSlate: Took 0.000126 seconds to synchronously load lazily loaded font '../../../Engine/Content/Slate/Fonts/Roboto-Light.ttf' (159K)
[2018.03.01-16.46.12:769][771]LogEditorViewport: Clicking on Actor (LMB): StaticMeshActor (Floor)
[2018.03.01-16.46.13:324][830]LogEditorViewport: Clicking on Actor (LMB): StaticMeshActor (SM_Chair2)
[2018.03.01-16.46.21:179][763]LogSlate: Took 0.003389 seconds to synchronously load lazily loaded font '../../../Engine/Content/Editor/Slate/Fonts/Roboto-Italic.ttf' (157K)
[2018.03.01-16.47.04:988][120]LogSlate: Took 0.003690 seconds to synchronously load lazily loaded font '../../../Engine/Content/Editor/Slate/Fonts/Roboto-BoldCondensed.ttf' (158K)
[2018.03.01-16.47.30:799][120]Running C:/Program Files/Epic Games/UE_4.18/Engine/Binaries/DotNET/UnrealBuildTool.exe  -projectfiles -project="C:/Users/lol/Documents/Git/EscapeRoom/EscapeRoom/EscapeRoom.uproject" -game -rocket -progress
[2018.03.01-16.47.31:002][120]Discovering modules, targets and source code for project...
[2018.03.01-16.47.33:412][120]LogSlate: Took 0.000137 seconds to synchronously load lazily loaded font '../../../Engine/Content/Slate/Fonts/Roboto-Regular.ttf' (155K)
[2018.03.01-16.47.34:040][120]LogVSAccessor: Warning: Couldn't access Visual Studio
[2018.03.01-16.47.34:064][120]Candidate modules for hot reload:
[2018.03.01-16.47.34:064][120]  EscapeRoom
[2018.03.01-16.47.34:064][120]Launching UnrealBuildTool... [C:/Program Files/Epic Games/UE_4.18/Engine/Binaries/DotNET/UnrealBuildTool.exe EscapeRoom -ModuleWithSuffix EscapeRoom 7102 Win64 Development -editorrecompile -canskiplink "C:/Users/lol/Documents/Git/EscapeRoom/EscapeRoom/EscapeRoom.uproject" ]
[2018.03.01-16.48.06:183][120]CompilerResultsLog: New page: Compilation - Mar 1, 2018, 4:48:06 AM
[2018.03.01-16.48.06:184][120]CompilerResultsLog: Performing full C++ include scan (hot reloading a new target)
[2018.03.01-16.48.06:184][120]CompilerResultsLog: Using 'git status' to determine working set for adaptive non-unity build.
[2018.03.01-16.48.06:184][120]CompilerResultsLog: Creating makefile for hot reloading EscapeRoom (no existing makefile)
[2018.03.01-16.48.06:184][120]CompilerResultsLog: Compiling game modules for hot reload
[2018.03.01-16.48.06:184][120]CompilerResultsLog: Parsing headers for EscapeRoomEditor
[2018.03.01-16.48.06:184][120]CompilerResultsLog:   Running UnrealHeaderTool "C:\Users\lol\Documents\Git\EscapeRoom\EscapeRoom\EscapeRoom.uproject" "C:\Users\lol\Documents\Git\EscapeRoom\EscapeRoom\Intermediate\Build\Win64\EscapeRoomEditor\Development\EscapeRoomEditor.uhtmanifest" -LogCmds="loginit warning, logexit warning, logdatabase error" -Unattended -WarningsAsErrors -installed
[2018.03.01-16.48.06:184][120]CompilerResultsLog: Reflection code generated for EscapeRoomEditor in 6.5323645 seconds
[2018.03.01-16.48.06:184][120]CompilerResultsLog: Performing 5 actions (4 in parallel)
[2018.03.01-16.48.06:184][120]CompilerResultsLog: EscapeRoom.init.gen.cpp
[2018.03.01-16.48.06:184][120]CompilerResultsLog: PositionReport.cpp
[2018.03.01-16.48.06:184][120]CompilerResultsLog: PositionReport.gen.cpp
[2018.03.01-16.48.06:184][120]CompilerResultsLog: [4/5] Link UE4Editor-EscapeRoom-7102.dll
[2018.03.01-16.48.06:184][120]CompilerResultsLog: [5/5] Link UE4Editor-EscapeRoom-7102.lib
[2018.03.01-16.48.06:184][120]CompilerResultsLog:    Creating library C:\Users\lol\Documents\Git\EscapeRoom\EscapeRoom\Intermediate\Build\Win64\UE4Editor\Development\UE4Editor-EscapeRoom-7102.lib and object C:\Users\lol\Documents\Git\EscapeRoom\EscapeRoom\Intermediate\Build\Win64\UE4Editor\Development\UE4Editor-EscapeRoom-7102.exp
[2018.03.01-16.48.06:184][120]CompilerResultsLog:    Creating library C:\Users\lol\Documents\Git\EscapeRoom\EscapeRoom\Intermediate\Build\Win64\UE4Editor\Development\UE4Editor-EscapeRoom-7102.suppressed.lib and object C:\Users\lol\Documents\Git\EscapeRoom\EscapeRoom\Intermediate\Build\Win64\UE4Editor\Development\UE4Editor-EscapeRoom-7102.suppressed.exp
[2018.03.01-16.48.06:184][120]CompilerResultsLog: Total build time: 31.97 seconds (Local executor: 4.03 seconds)
[2018.03.01-16.48.06:184][120]LogMainFrame: MainFrame: Module compiling took 32.144 seconds
[2018.03.01-16.48.06:239][120]LogClass: Could not find existing class PositionReport in package /Script/EscapeRoom for HotReload, assuming new class
[2018.03.01-16.48.06:240][120]LogContentBrowser: Native class hierarchy updated for 'EscapeRoom' in 0.0004 seconds. Added 2 classes and 2 folders.
[2018.03.01-16.48.06:241][120]Display: HotReload successful (0 functions remapped  0 scriptstructs remapped)
[2018.03.01-16.48.06:310][120]LogContentBrowser: Native class hierarchy populated in 0.0067 seconds. Added 2367 classes and 525 folders.
[2018.03.01-16.48.06:313][120]Display: HotReload took 32.3s.
[2018.03.01-16.48.06:315][120]Warning: HotReload operation took 32.3s.
[2018.03.01-16.48.06:375][120]LogHotReload: New module detected: UE4Editor-EscapeRoom-7102.dll
[2018.03.01-16.48.06:413][121]LogHotReload: Starting Hot-Reload from IDE
[2018.03.01-16.48.06:494][121]LogContentBrowser: Native class hierarchy updated for 'EscapeRoom' in 0.0004 seconds. Added 2 classes and 2 folders.
[2018.03.01-16.48.06:496][121]Display: HotReload successful (0 functions remapped  0 scriptstructs remapped)
[2018.03.01-16.48.06:511][121]LogContentBrowser: Native class hierarchy populated in 0.0082 seconds. Added 2367 classes and 525 folders.
[2018.03.01-16.48.06:528][121]Display: HotReload took  0.1s.
[2018.03.01-16.50.34:980][846]LogVSAccessor: Warning: Visual Studio is open but could not be queried - it may be blocked by a modal operation
[2018.03.01-16.50.35:525][848]LogVSAccessor: Warning: Visual Studio is open but could not be queried - it may be blocked by a modal operation
[2018.03.01-16.53.06:458][301]LogWindows: LaunchFileInExternalEditor C:/Users/lol/Documents/Git/EscapeRoom/EscapeRoom/Source/EscapeRoom/PositionReport.h 
[2018.03.01-16.53.06:553][301]LogWindows: Launch application code for C:/Users/lol/Documents/Git/EscapeRoom/EscapeRoom/Source/EscapeRoom/PositionReport.h : 42
[2018.03.01-16.53.06:553][301]LogWindows: LaunchFileInExternalEditor C:/Users/lol/Documents/Git/EscapeRoom/EscapeRoom/Source/EscapeRoom/PositionReport.cpp 
[2018.03.01-16.53.06:619][301]LogWindows: Launch application code for C:/Users/lol/Documents/Git/EscapeRoom/EscapeRoom/Source/EscapeRoom/PositionReport.cpp : 42
[2018.03.01-16.53.06:619][301]LogVSAccessor: Warning: Couldn't access Visual Studio
[2018.03.01-16.53.06:623][301]LogVSAccessor: Warning: Couldn't access module table
[2018.03.01-16.53.06:623][301]LogVSAccessor: Warning: Couldn't access module table
[2018.03.01-16.53.06:623][301]LogVSAccessor: Warning: Couldn't access module table
[2018.03.01-16.53.06:623][301]LogVSAccessor: Warning: Couldn't access module table
[2018.03.01-16.53.06:623][301]LogVSAccessor: Warning: Couldn't access module table
[2018.03.01-16.53.06:623][301]LogVSAccessor: Warning: Couldn't access module table
[2018.03.01-16.53.06:623][301]LogVSAccessor: Warning: Couldn't access module table
[2018.03.01-16.53.06:624][301]LogVSAccessor: Warning: Couldn't access module table
[2018.03.01-16.53.06:624][301]LogVSAccessor: Warning: Couldn't access module table
[2018.03.01-16.53.06:624][301]LogVSAccessor: Warning: Couldn't access module table
[2018.03.01-16.53.06:624][301]LogVSAccessor: Warning: Couldn't access module table
[2018.03.01-16.53.06:624][301]LogVSAccessor: Warning: Couldn't access module table
[2018.03.01-16.53.06:624][301]LogVSAccessor: Warning: Couldn't access module table
[2018.03.01-16.53.06:624][301]LogVSAccessor: Warning: Couldn't access module table
[2018.03.01-16.53.06:624][301]LogVSAccessor: Warning: Couldn't access module table
[2018.03.01-16.53.06:624][301]LogVSAccessor: Warning: Couldn't access module table
[2018.03.01-16.53.06:624][301]LogVSAccessor: Warning: Couldn't access module table
[2018.03.01-16.53.06:624][301]LogVSAccessor: Warning: Couldn't access module table
[2018.03.01-16.53.06:624][301]LogVSAccessor: Warning: Couldn't access module table
[2018.03.01-16.53.06:624][301]LogVSAccessor: Warning: Couldn't access module table
[2018.03.01-16.53.06:624][301]LogVSAccessor: Warning: Couldn't access module table
[2018.03.01-16.53.06:624][301]LogVSAccessor: Warning: Couldn't access module table
[2018.03.01-16.53.06:625][301]LogVSAccessor: Warning: Couldn't access module table
[2018.03.01-16.53.06:625][301]LogVSAccessor: Warning: Couldn't access module table
[2018.03.01-16.53.06:625][301]LogVSAccessor: Warning: Couldn't access module table
[2018.03.01-16.53.06:625][301]LogVSAccessor: Warning: Couldn't access module table
[2018.03.01-16.53.06:625][301]LogVSAccessor: Warning: Couldn't access module table
[2018.03.01-16.53.06:625][301]LogVSAccessor: Warning: Couldn't access module table
[2018.03.01-16.53.06:625][301]LogVSAccessor: Warning: Couldn't access module table
[2018.03.01-16.53.06:625][301]LogVSAccessor: Warning: Couldn't access module table
[2018.03.01-16.53.06:625][301]LogVSAccessor: Warning: Couldn't access module table
[2018.03.01-16.53.06:625][301]LogVSAccessor: Warning: Couldn't access module table
[2018.03.01-16.53.06:625][301]LogVSAccessor: Warning: Couldn't access module table
[2018.03.01-16.53.06:625][301]LogVSAccessor: Warning: Couldn't access module table
[2018.03.01-16.53.06:625][301]LogVSAccessor: Warning: Couldn't access module table
[2018.03.01-16.53.06:626][301]LogVSAccessor: Warning: Couldn't access module table
[2018.03.01-16.53.06:626][301]LogVSAccessor: Warning: Couldn't access module table
[2018.03.01-16.53.06:626][301]LogVSAccessor: Warning: Couldn't access module table
[2018.03.01-16.53.06:626][301]LogVSAccessor: Warning: Couldn't access module table
[2018.03.01-16.53.06:626][301]LogVSAccessor: Warning: Couldn't access module table
[2018.03.01-16.53.06:626][301]LogVSAccessor: Warning: Couldn't access module table
[2018.03.01-16.53.06:626][301]LogVSAccessor: Warning: Couldn't access module table
[2018.03.01-16.53.06:626][301]LogVSAccessor: Warning: Couldn't access module table
[2018.03.01-16.53.06:626][301]LogVSAccessor: Warning: Couldn't access module table
[2018.03.01-16.53.06:626][301]LogVSAccessor: Warning: Couldn't access module table
[2018.03.01-16.53.06:626][301]LogVSAccessor: Warning: Couldn't access module table
[2018.03.01-16.53.06:626][301]LogVSAccessor: Warning: Couldn't access module table
[2018.03.01-16.53.06:626][301]LogVSAccessor: Warning: Couldn't access module table
[2018.03.01-16.53.06:626][301]LogVSAccessor: Warning: Couldn't access module table
[2018.03.01-16.53.06:626][301]LogVSAccessor: Warning: Couldn't access module table
[2018.03.01-16.53.06:627][301]LogVSAccessor: Warning: Couldn't access module table
[2018.03.01-16.53.06:627][301]LogVSAccessor: Warning: Couldn't access module table
[2018.03.01-16.53.06:627][301]LogVSAccessor: Warning: Couldn't access module table
[2018.03.01-16.53.06:627][301]LogVSAccessor: Warning: Couldn't access module table
[2018.03.01-16.53.06:627][301]LogVSAccessor: Warning: Couldn't access module table
[2018.03.01-16.53.06:627][301]LogVSAccessor: Warning: Couldn't access module table
[2018.03.01-16.53.06:627][301]LogVSAccessor: Warning: Couldn't access module table
[2018.03.01-16.53.06:627][301]LogVSAccessor: Warning: Couldn't access module table
[2018.03.01-16.53.06:627][301]LogVSAccessor: Warning: Couldn't access module table
[2018.03.01-16.53.06:627][301]LogVSAccessor: Warning: Couldn't access module table
[2018.03.01-16.53.06:627][301]LogVSAccessor: Warning: Couldn't access module table
[2018.03.01-16.53.06:627][301]LogVSAccessor: Warning: Couldn't access module table
[2018.03.01-16.53.06:627][301]LogVSAccessor: Warning: Couldn't access module table
[2018.03.01-16.53.06:627][301]LogVSAccessor: Warning: Couldn't access module table
[2018.03.01-16.53.06:628][301]LogVSAccessor: Warning: Couldn't access module table
[2018.03.01-16.53.06:628][301]LogVSAccessor: Warning: Couldn't access module table
[2018.03.01-16.53.06:628][301]LogVSAccessor: Warning: Couldn't access module table
[2018.03.01-16.53.06:628][301]LogVSAccessor: Warning: Couldn't access module table
[2018.03.01-16.53.06:628][301]LogVSAccessor: Warning: Couldn't access module table
[2018.03.01-16.53.06:628][301]LogVSAccessor: Warning: Couldn't access module table
[2018.03.01-16.53.06:628][301]LogVSAccessor: Warning: Couldn't access module table
[2018.03.01-16.53.06:628][301]LogVSAccessor: Warning: Couldn't access module table
[2018.03.01-16.53.06:628][301]LogVSAccessor: Warning: Couldn't access module table
[2018.03.01-16.53.06:628][301]LogVSAccessor: Warning: Couldn't access module table
[2018.03.01-16.53.06:628][301]LogVSAccessor: Warning: Couldn't access module table
[2018.03.01-16.53.06:628][301]LogVSAccessor: Warning: Couldn't access module table
[2018.03.01-16.53.06:629][301]LogVSAccessor: Warning: Couldn't access module table
[2018.03.01-16.53.06:629][301]LogVSAccessor: Warning: Couldn't access module table
[2018.03.01-16.53.06:629][301]LogVSAccessor: Warning: Couldn't access module table
[2018.03.01-16.53.06:629][301]LogVSAccessor: Warning: Couldn't access module table
[2018.03.01-16.53.06:629][301]LogVSAccessor: Warning: Couldn't access module table
[2018.03.01-16.53.06:629][301]LogVSAccessor: Warning: Couldn't access module table
[2018.03.01-16.53.06:629][301]LogVSAccessor: Warning: Couldn't access module table
[2018.03.01-16.53.06:629][301]LogVSAccessor: Warning: Couldn't access module table
[2018.03.01-16.53.06:629][301]LogVSAccessor: Warning: Couldn't access module table
[2018.03.01-16.53.06:629][301]LogVSAccessor: Warning: Couldn't access module table
[2018.03.01-16.53.06:630][301]LogVSAccessor: Warning: Couldn't access module table
[2018.03.01-16.53.06:633][301]LogVSAccessor: Warning: Couldn't access module table
[2018.03.01-16.53.06:633][301]LogVSAccessor: Warning: Couldn't access module table
[2018.03.01-16.53.06:633][301]LogVSAccessor: Warning: Couldn't access module table
[2018.03.01-16.53.06:673][301]LogVSAccessor: Warning: Couldn't access module table
[2018.03.01-16.53.06:673][301]LogVSAccessor: Warning: Couldn't access module table
[2018.03.01-16.53.06:673][301]LogVSAccessor: Warning: Couldn't access module table
[2018.03.01-16.53.06:674][301]LogVSAccessor: Warning: Couldn't access module table
[2018.03.01-16.53.06:675][301]LogVSAccessor: Warning: Couldn't access module table
[2018.03.01-16.53.06:675][301]LogVSAccessor: Warning: Couldn't access module table
[2018.03.01-16.53.06:675][301]LogVSAccessor: Warning: Couldn't access module table
[2018.03.01-16.53.06:679][301]LogVSAccessor: Warning: Couldn't access module table
[2018.03.01-16.53.06:680][301]LogVSAccessor: Warning: Couldn't access module table
[2018.03.01-16.53.06:680][301]LogVSAccessor: Warning: Couldn't access module table
[2018.03.01-16.53.06:680][301]LogVSAccessor: Warning: Couldn't access module table
[2018.03.01-16.53.06:683][301]LogVSAccessor: Warning: Couldn't access module table
[2018.03.01-16.53.06:683][301]LogVSAccessor: Warning: Couldn't access module table
[2018.03.01-16.53.06:683][301]LogVSAccessor: Warning: Couldn't access module table
[2018.03.01-16.53.06:683][301]LogVSAccessor: Warning: Couldn't access module table
[2018.03.01-16.53.06:683][301]LogVSAccessor: Warning: Couldn't access module table
[2018.03.01-16.53.06:696][301]LogVSAccessor: Warning: Couldn't access module table
[2018.03.01-16.53.06:704][301]LogVSAccessor: Warning: Couldn't access module table
[2018.03.01-16.53.06:704][301]LogVSAccessor: Warning: Couldn't access module table
[2018.03.01-16.53.06:704][301]LogVSAccessor: Warning: Couldn't access module table
[2018.03.01-16.53.06:705][301]LogVSAccessor: Warning: Couldn't access module table
[2018.03.01-16.53.06:706][301]LogVSAccessor: Warning: Couldn't access module table
[2018.03.01-16.53.06:726][301]LogVSAccessor: Warning: Couldn't access module table
[2018.03.01-16.53.06:726][301]LogVSAccessor: Warning: Couldn't access module table
[2018.03.01-16.53.06:784][301]LogVSAccessor: Warning: Couldn't access module table
[2018.03.01-16.53.06:784][301]LogVSAccessor: Warning: Couldn't access module table
[2018.03.01-16.53.06:784][301]LogVSAccessor: Warning: Couldn't access module table
[2018.03.01-16.54.35:579][183]LogSlate: Only BGRA pngs, bmps or icos are supported in by External Image Picker
[2018.03.01-16.54.35:632][184]LogTemp: Executing iPhonePackager certificates Engine -bundlename com.YourCompany.EscapeRoom
[2018.03.01-16.54.35:633][184]LogTemp: CWD: C:\Program Files\Epic Games\UE_4.18\Engine\Binaries\DotNET\IOS
[2018.03.01-16.54.35:633][184]LogTemp: Initial Dir: C:\Program Files\Epic Games\UE_4.18
[2018.03.01-16.54.35:633][184]LogTemp: Env CWD: C:\Program Files\Epic Games\UE_4.18\Engine\Binaries\DotNET\IOS
[2018.03.01-16.54.35:633][184]LogTemp: BranchPath = DESKTOP-NLDOG7Q/C/Program Files/Epic Games/UE_4.18/Engine/Binaries --- GameBranchPath = DESKTOP-NLDOG7Q/C/Program Files/Epic Games/UE_4.18/Engine/Binaries
[2018.03.01-16.54.35:647][185]LogTemp: IPP ERROR: Could not find provision directory 'C:\Users\lol\AppData\Local/Apple Computer/MobileDevice/Provisioning Profiles/'.
[2018.03.01-16.56.15:885][139]LogSlate: Took 0.000295 seconds to synchronously load lazily loaded font '../../../Engine/Content/Slate/Fonts/Roboto-Light.ttf' (159K)
[2018.03.01-16.56.24:912][166]Cmd: OBJ SAVEPACKAGE PACKAGE="/Game/NewMap" FILE="../../../../../../Users/lol/Documents/Git/EscapeRoom/EscapeRoom/Saved/Autosaves/Game/NewMap_Auto1.umap" SILENT=true AUTOSAVING=true KEEPDIRTY=false
[2018.03.01-16.56.24:951][166]LogSavePackage: Save=31.79ms
[2018.03.01-16.56.24:951][166]LogSavePackage: Moving '../../../../../../Users/lol/Documents/Git/EscapeRoom/EscapeRoom/Saved/NewMap_Auto1442DB85A4C4C7ECDFAC3BEB802397D57.tmp' to '../../../../../../Users/lol/Documents/Git/EscapeRoom/EscapeRoom/Saved/Autosaves/Game/NewMap_Auto1.umap'
[2018.03.01-16.56.24:953][166]LogSavePackage: Display: Finished SavePackage ../../../../../../Users/lol/Documents/Git/EscapeRoom/EscapeRoom/Saved/Autosaves/Game/NewMap_Auto1.umap
[2018.03.01-16.56.24:958][166]LogFileHelpers: Editor autosave (incl. sublevels) for '/Game/NewMap' took 0.056
[2018.03.01-16.56.24:958][166]LogFileHelpers: Editor autosave (incl. sublevels) for all levels took 0.056
[2018.03.01-16.58.32:471][847]Cmd: OBJ SAVEPACKAGE PACKAGE="/Game/NewMap" FILE="../../../../../../Users/lol/Documents/Git/EscapeRoom/EscapeRoom/Content/NewMap.umap" SILENT=true AUTOSAVING=false KEEPDIRTY=false
[2018.03.01-16.58.32:508][847]LogSavePackage: Save=27.72ms
[2018.03.01-16.58.32:508][847]LogSavePackage: Moving '../../../../../../Users/lol/Documents/Git/EscapeRoom/EscapeRoom/Saved/NewMapEA879DA14EAAEB94359AAD8CC0D0921E.tmp' to '../../../../../../Users/lol/Documents/Git/EscapeRoom/EscapeRoom/Content/NewMap.umap'
[2018.03.01-16.58.32:515][847]LogSavePackage: Display: Finished SavePackage ../../../../../../Users/lol/Documents/Git/EscapeRoom/EscapeRoom/Content/NewMap.umap
[2018.03.01-16.58.32:544][847]LogFileHelpers: Saving map 'NewMap' took 0.111
[2018.03.01-16.58.32:752][848]Cmd: QUIT_EDITOR
[2018.03.01-16.58.32:765][848]LogWindowsTextInputMethodSystem: Display: IME system now deactivated.
[2018.03.01-16.58.32:776][848]LogExit: Preparing to exit.
[2018.03.01-16.58.33:448][848]LogDirectoryWatcher: A directory notification for 'C:/Users/lol/Documents/Git/EscapeRoom/EscapeRoom/Content/' was aborted.
[2018.03.01-16.58.33:467][848]LogExit: Editor shut down
[2018.03.01-16.58.33:481][848]LogExit: Transaction tracking system shut down
[2018.03.01-16.58.33:583][848]LogDirectoryWatcher: A directory notification for '../../../Engine/Content/' was aborted.
[2018.03.01-16.58.33:583][848]LogDirectoryWatcher: A directory notification for '../../../../../../Users/lol/Documents/Git/EscapeRoom/EscapeRoom/Content/' was aborted.
[2018.03.01-16.58.33:583][848]LogDirectoryWatcher: A directory notification for '../../../Engine/Plugins/2D/Paper2D/Content/' was aborted.
[2018.03.01-16.58.33:583][848]LogDirectoryWatcher: A directory notification for '../../../Engine/Plugins/Media/MediaCompositing/Content/' was aborted.
[2018.03.01-16.58.33:583][848]LogDirectoryWatcher: A directory notification for '../../../Engine/Plugins/Runtime/AppleARKit/Content/' was aborted.
[2018.03.01-16.58.33:583][848]LogDirectoryWatcher: A directory notification for '../../../Engine/Plugins/Runtime/Oculus/OculusVR/Content/' was aborted.
[2018.03.01-16.58.33:583][848]LogDirectoryWatcher: A directory notification for '../../../Engine/Plugins/Runtime/Steam/SteamVR/Content/' was aborted.
[2018.03.01-16.58.33:612][848]LogExit: Object subsystem successfully closed.
[2018.03.01-16.58.33:625][848]LogD3D11RHI: Shutdown
[2018.03.01-16.58.33:625][848]LogD3D11RHI: CleanupD3DDevice
[2018.03.01-16.58.33:627][848]LogD3D11RHI: ~FD3D11DynamicRHI
[2018.03.01-16.58.33:638][848]LogModuleManager: Shutting down and abandoning module ExternalImagePicker (554)
[2018.03.01-16.58.33:638][848]LogModuleManager: Shutting down and abandoning module EscapeRoom (552)
[2018.03.01-16.58.33:638][848]LogModuleManager: Shutting down and abandoning module HierarchicalLODOutliner (550)
[2018.03.01-16.58.33:638][848]LogModuleManager: Shutting down and abandoning module DesktopPlatform (548)
[2018.03.01-16.58.33:638][848]LogModuleManager: Shutting down and abandoning module AddContentDialog (546)
[2018.03.01-16.58.33:638][848]LogDirectoryWatcher: A directory notification for 'C:/Program Files/Epic Games/UE_4.18/FeaturePacks/' was aborted.
[2018.03.01-16.58.33:638][848]LogModuleManager: Shutting down and abandoning module WidgetCarousel (545)
[2018.03.01-16.58.33:638][848]LogModuleManager: Shutting down and abandoning module EditorWidgets (542)
[2018.03.01-16.58.33:638][848]LogModuleManager: Shutting down and abandoning module CollectionManager (540)
[2018.03.01-16.58.33:638][848]LogDirectoryWatcher: A directory notification for 'C:/Users/lol/Documents/Git/EscapeRoom/EscapeRoom/Content/Collections/' was aborted.
[2018.03.01-16.58.33:639][848]LogDirectoryWatcher: A directory notification for 'C:/Users/lol/Documents/Git/EscapeRoom/EscapeRoom/Content/Developers/lol/Collections/' was aborted.
[2018.03.01-16.58.33:639][848]LogDirectoryWatcher: A directory notification for 'C:/Users/lol/Documents/Git/EscapeRoom/EscapeRoom/Saved/Collections/' was aborted.
[2018.03.01-16.58.33:639][848]LogModuleManager: Shutting down and abandoning module SceneOutliner (538)
[2018.03.01-16.58.33:639][848]LogModuleManager: Shutting down and abandoning module StatsViewer (536)
[2018.03.01-16.58.33:639][848]LogModuleManager: Shutting down and abandoning module FoliageEdit (534)
[2018.03.01-16.58.33:639][848]LogModuleManager: Shutting down and abandoning module LandscapeEditor (532)
[2018.03.01-16.58.33:639][848]LogModuleManager: Shutting down and abandoning module MeshPaintMode (530)
[2018.03.01-16.58.33:639][848]LogModuleManager: Shutting down and abandoning module SceneDepthPickerMode (528)
[2018.03.01-16.58.33:639][848]LogModuleManager: Shutting down and abandoning module ActorPickerMode (526)
[2018.03.01-16.58.33:639][848]LogModuleManager: Shutting down and abandoning module GeometryMode (524)
[2018.03.01-16.58.33:639][848]LogModuleManager: Shutting down and abandoning module TextureAlignMode (522)
[2018.03.01-16.58.33:639][848]LogModuleManager: Shutting down and abandoning module BspMode (520)
[2018.03.01-16.58.33:639][848]LogModuleManager: Shutting down and abandoning module PIEPreviewDeviceProfileSelector (518)
[2018.03.01-16.58.33:639][848]LogModuleManager: Shutting down and abandoning module HardwareSurvey (516)
[2018.03.01-16.58.33:639][848]LogModuleManager: Shutting down and abandoning module SequenceRecorderSections (514)
[2018.03.01-16.58.33:639][848]LogModuleManager: Shutting down and abandoning module AutomationWorker (512)
[2018.03.01-16.58.33:639][848]LogModuleManager: Shutting down and abandoning module MatineeToLevelSequence (510)
[2018.03.01-16.58.33:639][848]LogModuleManager: Shutting down and abandoning module LevelSequenceEditor (508)
[2018.03.01-16.58.33:639][848]LogModuleManager: Shutting down and abandoning module PlacementMode (507)
[2018.03.01-16.58.33:639][848]LogModuleManager: Shutting down and abandoning module WmfMediaFactory (504)
[2018.03.01-16.58.33:639][848]LogModuleManager: Shutting down and abandoning module WmfMediaEditor (502)
[2018.03.01-16.58.33:639][848]LogModuleManager: Shutting down and abandoning module OpenExrWrapper (500)
[2018.03.01-16.58.33:639][848]LogModuleManager: Shutting down and abandoning module ImgMediaFactory (498)
[2018.03.01-16.58.33:639][848]LogModuleManager: Shutting down and abandoning module ImgMediaEditor (496)
[2018.03.01-16.58.33:639][848]LogModuleManager: Shutting down and abandoning module AvfMediaFactory (494)
[2018.03.01-16.58.33:639][848]LogModuleManager: Shutting down and abandoning module AvfMediaEditor (492)
[2018.03.01-16.58.33:639][848]LogModuleManager: Shutting down and abandoning module AndroidMediaFactory (490)
[2018.03.01-16.58.33:639][848]LogModuleManager: Shutting down and abandoning module AndroidMediaEditor (488)
[2018.03.01-16.58.33:639][848]LogModuleManager: Shutting down and abandoning module CharacterAI (486)
[2018.03.01-16.58.33:639][848]LogModuleManager: Shutting down and abandoning module AudioCapture (484)
[2018.03.01-16.58.33:639][848]LogModuleManager: Shutting down and abandoning module SequenceRecorder (483)
[2018.03.01-16.58.33:639][848]LogModuleManager: Shutting down and abandoning module SmartSnapping (480)
[2018.03.01-16.58.33:639][848]LogModuleManager: Shutting down and abandoning module SessionServices (478)
[2018.03.01-16.58.33:639][848]LogModuleManager: Shutting down and abandoning module ViewportSnapping (476)
[2018.03.01-16.58.33:639][848]LogModuleManager: Shutting down and abandoning module ViewportInteraction (474)
[2018.03.01-16.58.33:639][848]LogModuleManager: Shutting down and abandoning module ClothPainter (472)
[2018.03.01-16.58.33:639][848]LogModuleManager: Shutting down and abandoning module SkeletalMeshEditor (471)
[2018.03.01-16.58.33:639][848]LogModuleManager: Shutting down and abandoning module LogVisualizer (468)
[2018.03.01-16.58.33:639][848]LogModuleManager: Shutting down and abandoning module IntroTutorials (466)
[2018.03.01-16.58.33:639][848]LogModuleManager: Shutting down and abandoning module GameProjectGeneration (465)
[2018.03.01-16.58.33:639][848]LogModuleManager: Shutting down and abandoning module IOSPlatformEditor (462)
[2018.03.01-16.58.33:639][848]LogModuleManager: Shutting down and abandoning module HTML5PlatformEditor (460)
[2018.03.01-16.58.33:640][848]LogModuleManager: Shutting down and abandoning module AndroidPlatformEditor (458)
[2018.03.01-16.58.33:640][848]LogModuleManager: Shutting down and abandoning module AndroidDeviceDetection (457)
[2018.03.01-16.58.34:452][848]LogModuleManager: Shutting down and abandoning module WindowsPlatformEditor (454)
[2018.03.01-16.58.34:452][848]LogModuleManager: Shutting down and abandoning module IOSRuntimeSettings (452)
[2018.03.01-16.58.34:452][848]LogModuleManager: Shutting down and abandoning module AndroidRuntimeSettings (450)
[2018.03.01-16.58.34:452][848]LogModuleManager: Shutting down and abandoning module InputBindingEditor (448)
[2018.03.01-16.58.34:452][848]LogModuleManager: Shutting down and abandoning module MergeActors (446)
[2018.03.01-16.58.34:452][848]LogModuleManager: Shutting down and abandoning module SizeMap (444)
[2018.03.01-16.58.34:452][848]LogModuleManager: Shutting down and abandoning module TreeMap (442)
[2018.03.01-16.58.34:452][848]LogModuleManager: Shutting down and abandoning module ReferenceViewer (440)
[2018.03.01-16.58.34:452][848]LogModuleManager: Shutting down and abandoning module LocalizationDashboard (438)
[2018.03.01-16.58.34:452][848]LogModuleManager: Shutting down and abandoning module LocalizationService (437)
[2018.03.01-16.58.34:452][848]LogModuleManager: Shutting down and abandoning module HardwareTargeting (434)
[2018.03.01-16.58.34:452][848]LogModuleManager: Shutting down and abandoning module DeviceProfileEditor (432)
[2018.03.01-16.58.34:452][848]LogModuleManager: Shutting down and abandoning module UndoHistory (430)
[2018.03.01-16.58.34:452][848]LogModuleManager: Shutting down and abandoning module XmlParser (428)
[2018.03.01-16.58.34:452][848]LogModuleManager: Shutting down and abandoning module Blutility (426)
[2018.03.01-16.58.34:452][848]LogModuleManager: Shutting down and abandoning module ProjectSettingsViewer (424)
[2018.03.01-16.58.34:452][848]LogModuleManager: Shutting down and abandoning module ProjectTargetPlatformEditor (423)
[2018.03.01-16.58.34:452][848]LogModuleManager: Shutting down and abandoning module EditorSettingsViewer (420)
[2018.03.01-16.58.34:452][848]LogModuleManager: Shutting down and abandoning module SettingsEditor (418)
[2018.03.01-16.58.34:452][848]LogModuleManager: Shutting down and abandoning module ProjectLauncher (416)
[2018.03.01-16.58.34:453][848]LogModuleManager: Shutting down and abandoning module SessionFrontend (414)
[2018.03.01-16.58.34:453][848]LogModuleManager: Shutting down and abandoning module ProfilerClient (412)
[2018.03.01-16.58.34:453][848]LogModuleManager: Shutting down and abandoning module DeviceManager (410)
[2018.03.01-16.58.34:453][848]LogModuleManager: Shutting down and abandoning module TargetDeviceServices (409)
[2018.03.01-16.58.34:516][848]LogModuleManager: Shutting down and abandoning module AutomationController (406)
[2018.03.01-16.58.34:516][848]LogModuleManager: Shutting down and abandoning module AutomationWindow (404)
[2018.03.01-16.58.34:516][848]LogModuleManager: Shutting down and abandoning module Layers (402)
[2018.03.01-16.58.34:516][848]LogModuleManager: Shutting down and abandoning module ComponentVisualizers (400)
[2018.03.01-16.58.34:516][848]LogModuleManager: Shutting down and abandoning module DetailCustomizations (398)
[2018.03.01-16.58.34:516][848]LogModuleManager: Shutting down and abandoning module PackagesDialog (396)
[2018.03.01-16.58.34:516][848]LogModuleManager: Shutting down and abandoning module Persona (394)
[2018.03.01-16.58.34:516][848]LogModuleManager: Shutting down and abandoning module AdvancedPreviewScene (393)
[2018.03.01-16.58.34:516][848]LogModuleManager: Shutting down and abandoning module AnimGraph (391)
[2018.03.01-16.58.34:516][848]LogModuleManager: Shutting down and abandoning module Kismet (388)
[2018.03.01-16.58.34:517][848]LogModuleManager: Shutting down and abandoning module ClassViewer (386)
[2018.03.01-16.58.34:518][848]LogModuleManager: Shutting down and abandoning module Toolbox (384)
[2018.03.01-16.58.34:518][848]LogModuleManager: Shutting down and abandoning module ModuleUI (382)
[2018.03.01-16.58.34:518][848]LogModuleManager: Shutting down and abandoning module MovieSceneTools (380)
[2018.03.01-16.58.34:518][848]LogModuleManager: Shutting down and abandoning module OutputLog (378)
[2018.03.01-16.58.34:518][848]LogModuleManager: Shutting down and abandoning module GammaUI (376)
[2018.03.01-16.58.34:518][848]LogModuleManager: Shutting down and abandoning module Documentation (374)
[2018.03.01-16.58.34:518][848]LogModuleManager: Shutting down and abandoning module MovieSceneTracks (372)
[2018.03.01-16.58.34:518][848]LogModuleManager: Shutting down and abandoning module MovieScene (370)
[2018.03.01-16.58.34:518][848]LogModuleManager: Shutting down and abandoning module StreamingPauseRendering (368)
[2018.03.01-16.58.34:518][848]LogModuleManager: Shutting down and abandoning module LauncherPlatform (366)
[2018.03.01-16.58.34:518][848]LogModuleManager: Shutting down and abandoning module AnalyticsET (364)
[2018.03.01-16.58.34:518][848]LogModuleManager: Shutting down and abandoning module PortalServices (362)
[2018.03.01-16.58.34:518][848]LogModuleManager: Shutting down and abandoning module PortalRpc (360)
[2018.03.01-16.58.34:518][848]LogModuleManager: Shutting down and abandoning module MessagingRpc (358)
[2018.03.01-16.58.34:518][848]LogModuleManager: Shutting down and abandoning module AIModule (356)
[2018.03.01-16.58.34:518][848]LogModuleManager: Shutting down and abandoning module GameplayDebugger (355)
[2018.03.01-16.58.34:518][848]LogModuleManager: Shutting down and abandoning module AITestSuite (353)
[2018.03.01-16.58.34:518][848]LogModuleManager: Shutting down and abandoning module ProfilerService (350)
[2018.03.01-16.58.34:594][848]LogModuleManager: Shutting down and abandoning module TaskGraph (348)
[2018.03.01-16.58.34:594][848]LogModuleManager: Shutting down and abandoning module SteamVRController (346)
[2018.03.01-16.58.34:594][848]LogModuleManager: Shutting down and abandoning module ProceduralMeshComponentEditor (344)
[2018.03.01-16.58.34:594][848]LogModuleManager: Shutting down and abandoning module ProceduralMeshComponent (342)
[2018.03.01-16.58.34:594][848]LogModuleManager: Shutting down and abandoning module OculusInput (340)
[2018.03.01-16.58.34:594][848]LogModuleManager: Shutting down and abandoning module MobilePatchingUtils (338)
[2018.03.01-16.58.34:594][848]LogModuleManager: Shutting down and abandoning module CustomMeshComponent (336)
[2018.03.01-16.58.34:594][848]LogModuleManager: Shutting down and abandoning module CableComponent (334)
[2018.03.01-16.58.34:594][848]LogModuleManager: Shutting down and abandoning module ArchVisCharacter (332)
[2018.03.01-16.58.34:594][848]LogModuleManager: Shutting down and abandoning module AndroidPermission (330)
[2018.03.01-16.58.34:594][848]LogModuleManager: Shutting down and abandoning module ActorSequence (326)
[2018.03.01-16.58.34:594][848]LogModuleManager: Shutting down and abandoning module MediaPlayerEditor (324)
[2018.03.01-16.58.34:594][848]LogModuleManager: Shutting down and abandoning module MediaCompositingEditor (322)
[2018.03.01-16.58.34:594][848]LogModuleManager: Shutting down and abandoning module MediaCompositing (320)
[2018.03.01-16.58.34:594][848]LogModuleManager: Shutting down and abandoning module HTML5Networking (318)
[2018.03.01-16.58.34:594][848]LogModuleManager: Shutting down and abandoning module AlembicImporter (316)
[2018.03.01-16.58.34:594][848]LogModuleManager: Shutting down and abandoning module AlembicLibrary (315)
[2018.03.01-16.58.34:594][848]LogModuleManager: Shutting down and abandoning module GeometryCache (314)
[2018.03.01-16.58.34:594][848]LogModuleManager: Shutting down and abandoning module GeometryCacheEd (313)
[2018.03.01-16.58.34:594][848]LogModuleManager: Shutting down and abandoning module SpeedTreeImporter (308)
[2018.03.01-16.58.34:594][848]LogModuleManager: Shutting down and abandoning module PluginBrowser (306)
[2018.03.01-16.58.34:594][848]LogModuleManager: Shutting down and abandoning module MobileLauncherProfileWizard (304)
[2018.03.01-16.58.34:594][848]LogModuleManager: Shutting down and abandoning module VisualStudioSourceCodeAccess (302)
[2018.03.01-16.58.34:594][848]LogModuleManager: Shutting down and abandoning module VisualStudioCodeSourceCodeAccess (300)
[2018.03.01-16.58.34:595][848]LogModuleManager: Shutting down and abandoning module UObjectPlugin (298)
[2018.03.01-16.58.34:595][848]LogModuleManager: Shutting down and abandoning module SubversionSourceControl (296)
[2018.03.01-16.58.34:595][848]LogModuleManager: Shutting down and abandoning module PerforceSourceControl (294)
[2018.03.01-16.58.34:595][848]LogModuleManager: Shutting down and abandoning module GitSourceControl (292)
[2018.03.01-16.58.34:595][848]LogModuleManager: Shutting down and abandoning module SourceControl (291)
[2018.03.01-16.58.34:595][848]LogModuleManager: Shutting down and abandoning module LightPropagationVolumeEditor (288)
[2018.03.01-16.58.34:595][848]LogModuleManager: Shutting down and abandoning module PaperTiledImporter (286)
[2018.03.01-16.58.34:595][848]LogModuleManager: Shutting down and abandoning module PaperSpriteSheetImporter (284)
[2018.03.01-16.58.34:595][848]LogModuleManager: Shutting down and abandoning module Paper2DEditor (282)
[2018.03.01-16.58.34:595][848]LogModuleManager: Shutting down and abandoning module MeshPaint (281)
[2018.03.01-16.58.34:595][848]LogModuleManager: Shutting down and abandoning module LevelEditor (279)
[2018.03.01-16.58.34:596][848]LogModuleManager: Shutting down and abandoning module PixelInspectorModule (278)
[2018.03.01-16.58.34:596][848]LogModuleManager: Shutting down and abandoning module MainFrame (276)
[2018.03.01-16.58.34:596][848]LogModuleManager: Shutting down and abandoning module HotReload (275)
[2018.03.01-16.58.34:596][848]LogDirectoryWatcher: A directory notification for 'C:/Users/lol/Documents/Git/EscapeRoom/EscapeRoom/Binaries/Win64' was aborted.
[2018.03.01-16.58.34:596][848]LogModuleManager: Shutting down and abandoning module RuntimePhysXCooking (268)
[2018.03.01-16.58.34:596][848]LogModuleManager: Shutting down and abandoning module PhysXVehiclesEditor (266)
[2018.03.01-16.58.34:596][848]LogModuleManager: Shutting down and abandoning module PhysXVehicles (264)
[2018.03.01-16.58.34:596][848]LogModuleManager: Shutting down and abandoning module OculusEditor (262)
[2018.03.01-16.58.34:596][848]LogModuleManager: Shutting down and abandoning module LocationServicesBPLibrary (260)
[2018.03.01-16.58.34:596][848]LogModuleManager: Shutting down and abandoning module ImmediatePhysicsEditor (258)
[2018.03.01-16.58.34:596][848]LogModuleManager: Shutting down and abandoning module ImmediatePhysics (256)
[2018.03.01-16.58.34:596][848]LogModuleManager: Shutting down and abandoning module UdpMessaging (254)
[2018.03.01-16.58.34:697][848]LogModuleManager: Shutting down and abandoning module TcpMessaging (252)
[2018.03.01-16.58.34:797][848]LogModuleManager: Shutting down and abandoning module GameplayTagsEditor (250)
[2018.03.01-16.58.34:797][848]LogModuleManager: Shutting down and abandoning module FacialAnimationEditor (248)
[2018.03.01-16.58.34:797][848]LogModuleManager: Shutting down and abandoning module FacialAnimation (246)
[2018.03.01-16.58.34:797][848]LogModuleManager: Shutting down and abandoning module AssetManagerEditor (244)
[2018.03.01-16.58.34:797][848]LogModuleManager: Shutting down and abandoning module GraphEditor (243)
[2018.03.01-16.58.34:797][848]LogModuleManager: Shutting down and abandoning module ContentBrowser (241)
[2018.03.01-16.58.34:797][848]LogModuleManager: Shutting down and abandoning module LightPropagationVolumeRuntime (238)
[2018.03.01-16.58.34:797][848]LogModuleManager: Shutting down and abandoning module Paper2D (236)
[2018.03.01-16.58.34:797][848]LogModuleManager: Shutting down and abandoning module WindowsMoviePlayer (234)
[2018.03.01-16.58.34:797][848]LogModuleManager: Shutting down and abandoning module WmfMedia (232)
[2018.03.01-16.58.34:799][848]LogModuleManager: Shutting down and abandoning module ImgMedia (230)
[2018.03.01-16.58.34:799][848]LogModuleManager: Shutting down and abandoning module PacketHandler (228)
[2018.03.01-16.58.34:799][848]LogModuleManager: Shutting down and abandoning module ClothingSystemEditor (226)
[2018.03.01-16.58.34:799][848]LogModuleManager: Shutting down and abandoning module ClothingSystemRuntime (224)
[2018.03.01-16.58.34:799][848]LogModuleManager: Shutting down and abandoning module MediaAssets (222)
[2018.03.01-16.58.34:799][848]LogModuleManager: Shutting down and abandoning module Media (221)
[2018.03.01-16.58.34:805][848]LogModuleManager: Shutting down and abandoning module Overlay (218)
[2018.03.01-16.58.34:805][848]LogModuleManager: Shutting down and abandoning module OverlayEditor (217)
[2018.03.01-16.58.34:805][848]LogModuleManager: Shutting down and abandoning module VREditor (214)
[2018.03.01-16.58.34:805][848]LogModuleManager: Shutting down and abandoning module StringTableEditor (212)
[2018.03.01-16.58.34:805][848]LogModuleManager: Shutting down and abandoning module GameplayTasksEditor (210)
[2018.03.01-16.58.34:805][848]LogModuleManager: Shutting down and abandoning module BehaviorTreeEditor (208)
[2018.03.01-16.58.34:805][848]LogModuleManager: Shutting down and abandoning module FunctionalTesting (206)
[2018.03.01-16.58.34:805][848]LogModuleManager: Shutting down and abandoning module CollisionAnalyzer (204)
[2018.03.01-16.58.34:805][848]LogModuleManager: Shutting down and abandoning module WorkspaceMenuStructure (203)
[2018.03.01-16.58.34:805][848]LogModuleManager: Shutting down and abandoning module UMG (200)
[2018.03.01-16.58.34:805][848]LogModuleManager: Shutting down and abandoning module UMGEditor (199)
[2018.03.01-16.58.34:805][848]LogModuleManager: Shutting down and abandoning module Sequencer (198)
[2018.03.01-16.58.34:805][848]LogModuleManager: Shutting down and abandoning module MessageLog (195)
[2018.03.01-16.58.34:805][848]LogModuleManager: Shutting down and abandoning module SlateReflector (190)
[2018.03.01-16.58.34:805][848]LogModuleManager: Shutting down and abandoning module Slate (188)
[2018.03.01-16.58.34:805][848]LogModuleManager: Shutting down and abandoning module EditorStyle (186)
[2018.03.01-16.58.34:807][848]LogModuleManager: Shutting down and abandoning module MRMesh (184)
[2018.03.01-16.58.34:807][848]LogModuleManager: Shutting down and abandoning module SourceCodeAccess (182)
[2018.03.01-16.58.34:807][848]LogModuleManager: Shutting down and abandoning module HeadMountedDisplay (180)
[2018.03.01-16.58.34:807][848]LogModuleManager: Shutting down and abandoning module XAudio2 (178)
[2018.03.01-16.58.34:807][848]LogModuleManager: Shutting down and abandoning module Networking (176)
[2018.03.01-16.58.34:807][848]LogModuleManager: Shutting down and abandoning module Core (172)
[2018.03.01-16.58.34:807][848]LogModuleManager: Shutting down and abandoning module LevelSequence (168)
[2018.03.01-16.58.34:807][848]LogModuleManager: Shutting down and abandoning module DirectoryWatcher (166)
[2018.03.01-16.58.34:808][848]LogModuleManager: Shutting down and abandoning module KismetCompiler (164)
[2018.03.01-16.58.34:808][848]LogModuleManager: Shutting down and abandoning module MeshUtilities (162)
[2018.03.01-16.58.34:808][848]LogModuleManager: Shutting down and abandoning module MeshMergeUtilities (161)
[2018.03.01-16.58.34:808][848]LogModuleManager: Shutting down and abandoning module MeshReductionInterface (160)
[2018.03.01-16.58.34:808][848]LogModuleManager: Shutting down and abandoning module SimplygonSwarm (159)
[2018.03.01-16.58.34:808][848]LogModuleManager: Shutting down and abandoning module SimplygonMeshReduction (157)
[2018.03.01-16.58.34:808][848]LogModuleManager: Shutting down and abandoning module QuadricMeshReduction (155)
[2018.03.01-16.58.34:808][848]LogModuleManager: Shutting down and abandoning module MaterialBaking (151)
[2018.03.01-16.58.34:808][848]LogModuleManager: Shutting down and abandoning module DerivedDataCache (148)
[2018.03.01-16.58.34:899][848]LogDerivedDataCache: Shutdown
[2018.03.01-16.58.34:900][848]LogModuleManager: Shutting down and abandoning module TargetPlatform (146)
[2018.03.01-16.58.34:900][848]LogModuleManager: Shutting down and abandoning module VulkanShaderFormat (145)
[2018.03.01-16.58.34:900][848]LogModuleManager: Shutting down and abandoning module ShaderFormatVectorVM (143)
[2018.03.01-16.58.34:900][848]LogModuleManager: Shutting down and abandoning module ShaderFormatOpenGL (141)
[2018.03.01-16.58.34:900][848]LogModuleManager: Shutting down and abandoning module ShaderFormatD3D (139)
[2018.03.01-16.58.34:900][848]LogModuleManager: Shutting down and abandoning module MetalShaderFormat (137)
[2018.03.01-16.58.34:900][848]LogModuleManager: Shutting down and abandoning module TextureFormatUncompressed (135)
[2018.03.01-16.58.34:900][848]LogModuleManager: Shutting down and abandoning module TextureFormatPVR (133)
[2018.03.01-16.58.34:900][848]LogModuleManager: Shutting down and abandoning module TextureFormatDXT (131)
[2018.03.01-16.58.34:900][848]LogModuleManager: Shutting down and abandoning module TextureFormatIntelISPCTexComp (129)
[2018.03.01-16.58.34:900][848]LogModuleManager: Shutting down and abandoning module TextureFormatASTC (127)
[2018.03.01-16.58.34:900][848]LogModuleManager: Shutting down and abandoning module ImageWrapper (126)
[2018.03.01-16.58.34:900][848]LogModuleManager: Shutting down and abandoning module TextureFormatAndroid (123)
[2018.03.01-16.58.34:900][848]LogModuleManager: Shutting down and abandoning module AudioFormatOpus (121)
[2018.03.01-16.58.34:900][848]LogModuleManager: Shutting down and abandoning module AudioFormatOgg (119)
[2018.03.01-16.58.34:900][848]LogModuleManager: Shutting down and abandoning module AudioFormatADPCM (117)
[2018.03.01-16.58.34:900][848]LogModuleManager: Shutting down and abandoning module LinuxTargetPlatform (115)
[2018.03.01-16.58.34:900][848]LogModuleManager: Shutting down and abandoning module LinuxServerTargetPlatform (113)
[2018.03.01-16.58.34:900][848]LogModuleManager: Shutting down and abandoning module LinuxNoEditorTargetPlatform (111)
[2018.03.01-16.58.34:900][848]LogModuleManager: Shutting down and abandoning module LinuxClientTargetPlatform (109)
[2018.03.01-16.58.34:900][848]LogModuleManager: Shutting down and abandoning module TVOSTargetPlatform (107)
[2018.03.01-16.58.34:900][848]LogModuleManager: Shutting down and abandoning module Messaging (105)
[2018.03.01-16.58.34:900][848]LogModuleManager: Shutting down and abandoning module IOSTargetPlatform (103)
[2018.03.01-16.58.34:900][848]LogModuleManager: Shutting down and abandoning module HTML5TargetPlatform (101)
[2018.03.01-16.58.34:900][848]LogModuleManager: Shutting down and abandoning module AndroidTargetPlatform (99)
[2018.03.01-16.58.34:900][848]LogModuleManager: Shutting down and abandoning module Android_PVRTCTargetPlatform (97)
[2018.03.01-16.58.34:900][848]LogModuleManager: Shutting down and abandoning module Android_MultiTargetPlatform (95)
[2018.03.01-16.58.34:900][848]LogModuleManager: Shutting down and abandoning module Android_ETC2TargetPlatform (93)
[2018.03.01-16.58.34:900][848]LogModuleManager: Shutting down and abandoning module Android_ETC1TargetPlatform (91)
[2018.03.01-16.58.34:900][848]LogModuleManager: Shutting down and abandoning module Android_DXTTargetPlatform (89)
[2018.03.01-16.58.34:900][848]LogModuleManager: Shutting down and abandoning module Android_ATCTargetPlatform (87)
[2018.03.01-16.58.34:900][848]LogModuleManager: Shutting down and abandoning module Android_ASTCTargetPlatform (85)
[2018.03.01-16.58.34:900][848]LogModuleManager: Shutting down and abandoning module WindowsTargetPlatform (83)
[2018.03.01-16.58.34:900][848]LogModuleManager: Shutting down and abandoning module WindowsServerTargetPlatform (81)
[2018.03.01-16.58.34:900][848]LogModuleManager: Shutting down and abandoning module WindowsNoEditorTargetPlatform (79)
[2018.03.01-16.58.34:900][848]LogModuleManager: Shutting down and abandoning module WindowsClientTargetPlatform (77)
[2018.03.01-16.58.34:900][848]LogModuleManager: Shutting down and abandoning module MacTargetPlatform (75)
[2018.03.01-16.58.34:900][848]LogModuleManager: Shutting down and abandoning module MacServerTargetPlatform (73)
[2018.03.01-16.58.34:900][848]LogModuleManager: Shutting down and abandoning module MacNoEditorTargetPlatform (71)
[2018.03.01-16.58.34:900][848]LogModuleManager: Shutting down and abandoning module MacClientTargetPlatform (69)
[2018.03.01-16.58.34:900][848]LogModuleManager: Shutting down and abandoning module AllDesktopTargetPlatform (67)
[2018.03.01-16.58.34:900][848]LogModuleManager: Shutting down and abandoning module InputCore (64)
[2018.03.01-16.58.34:900][848]LogModuleManager: Shutting down and abandoning module Settings (62)
[2018.03.01-16.58.34:900][848]LogModuleManager: Shutting down and abandoning module PhysXCooking (60)
[2018.03.01-16.58.34:900][848]LogModuleManager: Shutting down and abandoning module SteamVR (58)
[2018.03.01-16.58.34:900][848]LogModuleManager: Shutting down and abandoning module OculusHMD (56)
[2018.03.01-16.58.34:900][848]LogModuleManager: Shutting down and abandoning module ExampleDeviceProfileSelector (54)
[2018.03.01-16.58.34:900][848]LogModuleManager: Shutting down and abandoning module AppleARKit (52)
[2018.03.01-16.58.34:900][848]LogModuleManager: Shutting down and abandoning module AugmentedReality (51)
[2018.03.01-16.58.34:900][848]LogModuleManager: Shutting down and abandoning module OnlineBlueprintSupport (48)
[2018.03.01-16.58.34:900][848]LogModuleManager: Shutting down and abandoning module OnlineSubsystem (44)
[2018.03.01-16.58.34:900][848]LogModuleManager: Shutting down and abandoning module XMPP (43)
[2018.03.01-16.58.34:901][848]LogModuleManager: Shutting down and abandoning module HTTP (41)
[2018.03.01-16.58.34:901][848]LogHttp: Display: Http module shutting down, but needs to wait on 1 outstanding Http requests:
[2018.03.01-16.58.34:901][848]LogHttp: Display: 	verb=[POST] url=[https://datarouter.ol.epicgames.com/datarouter/api/v1/public/data?SessionID=%7BD2DD30DF-4DB2-6D61-A1D6-C28069301540%7D&AppID=UEEditor.Rocket.Release&AppVersion=4.18.3-3832480%2B%2B%2BUE4%2BRelease-4.18&UserID=f6849d2f485b498a3a99eea3faa5e723%7Cb6d55d87dad24922993b4a6bdcd07814%7C634a8715-bbe0-4557-b2c6-9671a15c47a5&AppEnvironment=datacollector-binary&UploadType=eteventstream] status=Processing
[2018.03.01-16.58.34:911][848]LogModuleManager: Shutting down and abandoning module SSL (40)
[2018.03.01-16.58.34:913][848]LogModuleManager: Shutting down and abandoning module AnimationModifiers (36)
[2018.03.01-16.58.34:913][848]LogModuleManager: Shutting down and abandoning module PropertyEditor (35)
[2018.03.01-16.58.34:913][848]LogModuleManager: Shutting down and abandoning module AudioEditor (32)
[2018.03.01-16.58.34:913][848]LogModuleManager: Shutting down and abandoning module TextureCompressor (30)
[2018.03.01-16.58.34:913][848]LogModuleManager: Shutting down and abandoning module ShaderCore (28)
[2018.03.01-16.58.34:913][848]LogModuleManager: Shutting down and abandoning module Landscape (26)
[2018.03.01-16.58.34:913][848]LogModuleManager: Shutting down and abandoning module SlateRHIRenderer (24)
[2018.03.01-16.58.34:914][848]LogModuleManager: Shutting down and abandoning module OpenGLDrv (22)
[2018.03.01-16.58.34:914][848]LogModuleManager: Shutting down and abandoning module D3D11RHI (20)
[2018.03.01-16.58.34:914][848]LogModuleManager: Shutting down and abandoning module AnimGraphRuntime (18)
[2018.03.01-16.58.34:914][848]LogModuleManager: Shutting down and abandoning module Renderer (16)
[2018.03.01-16.58.34:914][848]LogModuleManager: Shutting down and abandoning module Engine (14)
[2018.03.01-16.58.34:914][848]LogModuleManager: Shutting down and abandoning module CoreUObject (12)
[2018.03.01-16.58.34:914][848]LogModuleManager: Shutting down and abandoning module NetworkFile (10)
[2018.03.01-16.58.34:914][848]LogModuleManager: Shutting down and abandoning module CookedIterativeFile (8)
[2018.03.01-16.58.34:914][848]LogModuleManager: Shutting down and abandoning module StreamingFile (6)
[2018.03.01-16.58.34:914][848]LogModuleManager: Shutting down and abandoning module SandboxFile (4)
[2018.03.01-16.58.34:914][848]LogModuleManager: Shutting down and abandoning module PakFile (2)
[2018.03.01-16.58.34:918][848]LogExit: Exiting.
[2018.03.01-16.58.34:929][848]Log file closed, 03/01/18 10:58:34
