Log file open, 03/04/18 16:09:56
LogWindows: Failed to load 'aqProf.dll' (GetLastError=126)
LogWindows: File 'aqProf.dll' does not exist
LogWindows: Failed to load 'VtuneApi.dll' (GetLastError=126)
LogWindows: File 'VtuneApi.dll' does not exist
LogWindows: Failed to load 'VtuneApi32e.dll' (GetLastError=126)
LogWindows: File 'VtuneApi32e.dll' does not exist
LogInit: Display: Running engine for game: EscapeRoom
LogPlatformFile: Not using cached read wrapper
LogInit: Display: RandInit(-1287325566) SRandInit(-1287325566).
LogInit: Read version file with build ID '3709383'
LogInit: Overriding engine version to CL 3832480, compatible CL 3709383
LogInit: Registered custom module enumerator with build ID '3709383'
LogTaskGraph: Started task graph with 5 named threads and 14 total threads with 3 sets of task threads.
LogStats: Stats thread started at 0.167156
LogD3D11RHI: Aftermath initialized
LogPluginManager: Mounting plugin Paper2D
LogPluginManager: Mounting plugin LightPropagationVolume
LogPluginManager: Mounting plugin CodeLiteSourceCodeAccess
LogPluginManager: Mounting plugin GitSourceControl
LogPluginManager: Mounting plugin KDevelopSourceCodeAccess
LogPluginManager: Mounting plugin NullSourceCodeAccess
LogPluginManager: Mounting plugin PerforceSourceControl
LogPluginManager: Mounting plugin SubversionSourceControl
LogPluginManager: Mounting plugin UObjectPlugin
LogPluginManager: Mounting plugin VisualStudioCodeSourceCodeAccess
LogPluginManager: Mounting plugin VisualStudioSourceCodeAccess
LogPluginManager: Mounting plugin XCodeSourceCodeAccess
LogPluginManager: Mounting plugin AssetManagerEditor
LogPluginManager: Mounting plugin AudioCapture
LogPluginManager: Mounting plugin FacialAnimation
LogPluginManager: Mounting plugin GameplayTagsEditor
LogPluginManager: Mounting plugin MobileLauncherProfileWizard
LogPluginManager: Mounting plugin PluginBrowser
LogPluginManager: Mounting plugin SpeedTreeImporter
LogPluginManager: Mounting plugin AlembicImporter
LogPluginManager: Mounting plugin CharacterAI
LogPluginManager: Mounting plugin HTML5Networking
LogPluginManager: Mounting plugin AndroidMedia
LogPluginManager: Mounting plugin AvfMedia
LogPluginManager: Mounting plugin ImgMedia
LogPluginManager: Mounting plugin MediaCompositing
LogPluginManager: Mounting plugin MediaPlayerEditor
LogPluginManager: Mounting plugin WmfMedia
LogPluginManager: Mounting plugin TcpMessaging
LogPluginManager: Mounting plugin UdpMessaging
LogPluginManager: Mounting plugin ActorSequence
LogPluginManager: Mounting plugin LevelSequenceEditor
LogPluginManager: Mounting plugin MatineeToLevelSequence
LogPluginManager: Mounting plugin OnlineSubsystemGooglePlay
LogPluginManager: Mounting plugin OnlineSubsystemIOS
LogPluginManager: Mounting plugin OnlineSubsystem
LogPluginManager: Mounting plugin OnlineSubsystemNull
LogPluginManager: Mounting plugin OnlineSubsystemUtils
LogPluginManager: Mounting plugin AndroidDeviceProfileSelector
LogPluginManager: Mounting plugin AndroidMoviePlayer
LogPluginManager: Mounting plugin AndroidPermission
LogPluginManager: Mounting plugin AppleARKit
LogPluginManager: Mounting plugin AppleMoviePlayer
LogPluginManager: Mounting plugin ArchVisCharacter
LogPluginManager: Mounting plugin CableComponent
LogPluginManager: Mounting plugin CustomMeshComponent
LogPluginManager: Mounting plugin ExampleDeviceProfileSelector
LogPluginManager: Mounting plugin GoogleCloudMessaging
LogPluginManager: Mounting plugin ImmediatePhysics
LogPluginManager: Mounting plugin IOSDeviceProfileSelector
LogPluginManager: Mounting plugin LinuxDeviceProfileSelector
LogPluginManager: Mounting plugin LocationServicesBPLibrary
LogPluginManager: Mounting plugin MobilePatchingUtils
LogPluginManager: Mounting plugin OculusVR
LogPluginManager: Plugin shader directory ../../../Engine/Plugins/Runtime/Oculus/OculusVR/Shaders found
LogPluginManager: Mapping shader source directory ../../../Engine/Plugins/Runtime/Oculus/OculusVR/Shaders to virtual directory /Plugin/OculusVR
LogPluginManager: Mounting plugin PhysXVehicles
LogPluginManager: Mounting plugin ProceduralMeshComponent
LogPluginManager: Mounting plugin RuntimePhysXCooking
LogPluginManager: Mounting plugin SteamVR
LogPluginManager: Mounting plugin WindowsMoviePlayer
LogModuleManager: Display: Found up-to-date module file ../../../../../../Users/lol/Documents/Git/EscapeRoom/EscapeRoom/Binaries/Win64/UE4Editor-EscapeRoom.dll (API version 3709383).
LogModuleManager: Display: Found up-to-date module file ../../../Engine/Plugins/2D/Paper2D/Binaries/Win64/UE4Editor-Paper2D.dll (API version 3709383).
LogModuleManager: Display: Found up-to-date module file ../../../Engine/Plugins/2D/Paper2D/Binaries/Win64/UE4Editor-Paper2DEditor.dll (API version 3709383).
LogModuleManager: Display: Found up-to-date module file ../../../Engine/Plugins/2D/Paper2D/Binaries/Win64/UE4Editor-PaperSpriteSheetImporter.dll (API version 3709383).
LogModuleManager: Display: Found up-to-date module file ../../../Engine/Plugins/2D/Paper2D/Binaries/Win64/UE4Editor-PaperTiledImporter.dll (API version 3709383).
LogModuleManager: Display: Found up-to-date module file ../../../Engine/Plugins/2D/Paper2D/Binaries/Win64/UE4Editor-SmartSnapping.dll (API version 3709383).
LogModuleManager: Display: Found up-to-date module file ../../../Engine/Plugins/Blendables/LightPropagationVolume/Binaries/Win64/UE4Editor-LightPropagationVolumeRuntime.dll (API version 3709383).
LogModuleManager: Display: Found up-to-date module file ../../../Engine/Plugins/Blendables/LightPropagationVolume/Binaries/Win64/UE4Editor-LightPropagationVolumeEditor.dll (API version 3709383).
LogModuleManager: Display: Found up-to-date module file ../../../Engine/Plugins/Developer/GitSourceControl/Binaries/Win64/UE4Editor-GitSourceControl.dll (API version 3709383).
LogModuleManager: Display: Found up-to-date module file ../../../Engine/Plugins/Developer/PerforceSourceControl/Binaries/Win64/UE4Editor-PerforceSourceControl.dll (API version 3709383).
LogModuleManager: Display: Found up-to-date module file ../../../Engine/Plugins/Developer/SubversionSourceControl/Binaries/Win64/UE4Editor-SubversionSourceControl.dll (API version 3709383).
LogModuleManager: Display: Found up-to-date module file ../../../Engine/Plugins/Developer/UObjectPlugin/Binaries/Win64/UE4Editor-UObjectPlugin.dll (API version 3709383).
LogModuleManager: Display: Found up-to-date module file ../../../Engine/Plugins/Developer/VisualStudioCodeSourceCodeAccess/Binaries/Win64/UE4Editor-VisualStudioCodeSourceCodeAccess.dll (API version 3709383).
LogModuleManager: Display: Found up-to-date module file ../../../Engine/Plugins/Developer/VisualStudioSourceCodeAccess/Binaries/Win64/UE4Editor-VisualStudioSourceCodeAccess.dll (API version 3709383).
LogModuleManager: Display: Found up-to-date module file ../../../Engine/Plugins/Editor/AssetManagerEditor/Binaries/Win64/UE4Editor-AssetManagerEditor.dll (API version 3709383).
LogModuleManager: Display: Found up-to-date module file ../../../Engine/Plugins/Editor/AudioCapture/Binaries/Win64/UE4Editor-AudioCapture.dll (API version 3709383).
LogModuleManager: Display: Found up-to-date module file ../../../Engine/Plugins/Editor/FacialAnimation/Binaries/Win64/UE4Editor-FacialAnimation.dll (API version 3709383).
LogModuleManager: Display: Found up-to-date module file ../../../Engine/Plugins/Editor/FacialAnimation/Binaries/Win64/UE4Editor-FacialAnimationEditor.dll (API version 3709383).
LogModuleManager: Display: Found up-to-date module file ../../../Engine/Plugins/Editor/GameplayTagsEditor/Binaries/Win64/UE4Editor-GameplayTagsEditor.dll (API version 3709383).
LogModuleManager: Display: Found up-to-date module file ../../../Engine/Plugins/Editor/MobileLauncherProfileWizard/Binaries/Win64/UE4Editor-MobileLauncherProfileWizard.dll (API version 3709383).
LogModuleManager: Display: Found up-to-date module file ../../../Engine/Plugins/Editor/PluginBrowser/Binaries/Win64/UE4Editor-PluginBrowser.dll (API version 3709383).
LogModuleManager: Display: Found up-to-date module file ../../../Engine/Plugins/Editor/SpeedTreeImporter/Binaries/Win64/UE4Editor-SpeedTreeImporter.dll (API version 3709383).
LogModuleManager: Display: Found up-to-date module file ../../../Engine/Plugins/Experimental/AlembicImporter/Binaries/Win64/UE4Editor-AlembicImporter.dll (API version 3709383).
LogModuleManager: Display: Found up-to-date module file ../../../Engine/Plugins/Experimental/AlembicImporter/Binaries/Win64/UE4Editor-AlembicLibrary.dll (API version 3709383).
LogModuleManager: Display: Found up-to-date module file ../../../Engine/Plugins/Experimental/CharacterAI/Binaries/Win64/UE4Editor-CharacterAI.dll (API version 3709383).
LogModuleManager: Display: Found up-to-date module file ../../../Engine/Plugins/Experimental/HTML5Networking/Binaries/Win64/UE4Editor-HTML5Networking.dll (API version 3709383).
LogModuleManager: Display: Found up-to-date module file ../../../Engine/Plugins/Media/AndroidMedia/Binaries/Win64/UE4Editor-AndroidMediaEditor.dll (API version 3709383).
LogModuleManager: Display: Found up-to-date module file ../../../Engine/Plugins/Media/AndroidMedia/Binaries/Win64/UE4Editor-AndroidMediaFactory.dll (API version 3709383).
LogModuleManager: Display: Found up-to-date module file ../../../Engine/Plugins/Media/AvfMedia/Binaries/Win64/UE4Editor-AvfMediaEditor.dll (API version 3709383).
LogModuleManager: Display: Found up-to-date module file ../../../Engine/Plugins/Media/AvfMedia/Binaries/Win64/UE4Editor-AvfMediaFactory.dll (API version 3709383).
LogModuleManager: Display: Found up-to-date module file ../../../Engine/Plugins/Media/AvfMedia/Binaries/Win64/UE4Editor-AvfMediaFactory.dll (API version 3709383).
LogModuleManager: Display: Found up-to-date module file ../../../Engine/Plugins/Media/ImgMedia/Binaries/Win64/UE4Editor-ImgMedia.dll (API version 3709383).
LogModuleManager: Display: Found up-to-date module file ../../../Engine/Plugins/Media/ImgMedia/Binaries/Win64/UE4Editor-ImgMediaEditor.dll (API version 3709383).
LogModuleManager: Display: Found up-to-date module file ../../../Engine/Plugins/Media/ImgMedia/Binaries/Win64/UE4Editor-ImgMediaFactory.dll (API version 3709383).
LogModuleManager: Display: Found up-to-date module file ../../../Engine/Plugins/Media/ImgMedia/Binaries/Win64/UE4Editor-ImgMediaFactory.dll (API version 3709383).
LogModuleManager: Display: Found up-to-date module file ../../../Engine/Plugins/Media/ImgMedia/Binaries/Win64/UE4Editor-OpenExrWrapper.dll (API version 3709383).
LogModuleManager: Display: Found up-to-date module file ../../../Engine/Plugins/Media/MediaCompositing/Binaries/Win64/UE4Editor-MediaCompositing.dll (API version 3709383).
LogModuleManager: Display: Found up-to-date module file ../../../Engine/Plugins/Media/MediaCompositing/Binaries/Win64/UE4Editor-MediaCompositingEditor.dll (API version 3709383).
LogModuleManager: Display: Found up-to-date module file ../../../Engine/Plugins/Media/MediaPlayerEditor/Binaries/Win64/UE4Editor-MediaPlayerEditor.dll (API version 3709383).
LogModuleManager: Display: Found up-to-date module file ../../../Engine/Plugins/Media/WmfMedia/Binaries/Win64/UE4Editor-WmfMedia.dll (API version 3709383).
LogModuleManager: Display: Found up-to-date module file ../../../Engine/Plugins/Media/WmfMedia/Binaries/Win64/UE4Editor-WmfMediaEditor.dll (API version 3709383).
LogModuleManager: Display: Found up-to-date module file ../../../Engine/Plugins/Media/WmfMedia/Binaries/Win64/UE4Editor-WmfMediaFactory.dll (API version 3709383).
LogModuleManager: Display: Found up-to-date module file ../../../Engine/Plugins/Media/WmfMedia/Binaries/Win64/UE4Editor-WmfMediaFactory.dll (API version 3709383).
LogModuleManager: Display: Found up-to-date module file ../../../Engine/Plugins/Messaging/TcpMessaging/Binaries/Win64/UE4Editor-TcpMessaging.dll (API version 3709383).
LogModuleManager: Display: Found up-to-date module file ../../../Engine/Plugins/Messaging/UdpMessaging/Binaries/Win64/UE4Editor-UdpMessaging.dll (API version 3709383).
LogModuleManager: Display: Found up-to-date module file ../../../Engine/Plugins/MovieScene/ActorSequence/Binaries/Win64/UE4Editor-ActorSequence.dll (API version 3709383).
LogModuleManager: Display: Found up-to-date module file ../../../Engine/Plugins/MovieScene/LevelSequenceEditor/Binaries/Win64/UE4Editor-LevelSequenceEditor.dll (API version 3709383).
LogModuleManager: Display: Found up-to-date module file ../../../Engine/Plugins/MovieScene/MatineeToLevelSequence/Binaries/Win64/UE4Editor-MatineeToLevelSequence.dll (API version 3709383).
LogModuleManager: Display: Found up-to-date module file ../../../Engine/Plugins/Online/OnlineSubsystem/Binaries/Win64/UE4Editor-OnlineSubsystem.dll (API version 3709383).
LogModuleManager: Display: Found up-to-date module file ../../../Engine/Plugins/Online/OnlineSubsystemNull/Binaries/Win64/UE4Editor-OnlineSubsystemNull.dll (API version 3709383).
LogModuleManager: Display: Found up-to-date module file ../../../Engine/Plugins/Online/OnlineSubsystemUtils/Binaries/Win64/UE4Editor-OnlineSubsystemUtils.dll (API version 3709383).
LogModuleManager: Display: Found up-to-date module file ../../../Engine/Plugins/Online/OnlineSubsystemUtils/Binaries/Win64/UE4Editor-OnlineBlueprintSupport.dll (API version 3709383).
LogModuleManager: Display: Found up-to-date module file ../../../Engine/Plugins/Runtime/AndroidDeviceProfileSelector/Binaries/Win64/UE4Editor-AndroidDeviceProfileSelector.dll (API version 3709383).
LogModuleManager: Display: Found up-to-date module file ../../../Engine/Plugins/Runtime/AndroidPermission/Binaries/Win64/UE4Editor-AndroidPermission.dll (API version 3709383).
LogModuleManager: Display: Found up-to-date module file ../../../Engine/Plugins/Runtime/AppleARKit/Binaries/Win64/UE4Editor-AppleARKit.dll (API version 3709383).
LogModuleManager: Display: Found up-to-date module file ../../../Engine/Plugins/Runtime/ArchVisCharacter/Binaries/Win64/UE4Editor-ArchVisCharacter.dll (API version 3709383).
LogModuleManager: Display: Found up-to-date module file ../../../Engine/Plugins/Runtime/CableComponent/Binaries/Win64/UE4Editor-CableComponent.dll (API version 3709383).
LogModuleManager: Display: Found up-to-date module file ../../../Engine/Plugins/Runtime/CustomMeshComponent/Binaries/Win64/UE4Editor-CustomMeshComponent.dll (API version 3709383).
LogModuleManager: Display: Found up-to-date module file ../../../Engine/Plugins/Runtime/ExampleDeviceProfileSelector/Binaries/Win64/UE4Editor-ExampleDeviceProfileSelector.dll (API version 3709383).
LogModuleManager: Display: Found up-to-date module file ../../../Engine/Plugins/Runtime/ImmediatePhysics/Binaries/Win64/UE4Editor-ImmediatePhysics.dll (API version 3709383).
LogModuleManager: Display: Found up-to-date module file ../../../Engine/Plugins/Runtime/ImmediatePhysics/Binaries/Win64/UE4Editor-ImmediatePhysicsEditor.dll (API version 3709383).
LogModuleManager: Display: Found up-to-date module file ../../../Engine/Plugins/Runtime/LocationServicesBPLibrary/Binaries/Win64/UE4Editor-LocationServicesBPLibrary.dll (API version 3709383).
LogModuleManager: Display: Found up-to-date module file ../../../Engine/Plugins/Runtime/MobilePatchingUtils/Binaries/Win64/UE4Editor-MobilePatchingUtils.dll (API version 3709383).
LogModuleManager: Display: Found up-to-date module file ../../../Engine/Plugins/Runtime/Oculus/OculusVR/Binaries/Win64/UE4Editor-OculusHMD.dll (API version 3709383).
LogModuleManager: Display: Found up-to-date module file ../../../Engine/Plugins/Runtime/Oculus/OculusVR/Binaries/Win64/UE4Editor-OculusInput.dll (API version 3709383).
LogModuleManager: Display: Found up-to-date module file ../../../Engine/Plugins/Runtime/Oculus/OculusVR/Binaries/Win64/UE4Editor-OculusEditor.dll (API version 3709383).
LogModuleManager: Display: Found up-to-date module file ../../../Engine/Plugins/Runtime/PhysXVehicles/Binaries/Win64/UE4Editor-PhysXVehicles.dll (API version 3709383).
LogModuleManager: Display: Found up-to-date module file ../../../Engine/Plugins/Runtime/PhysXVehicles/Binaries/Win64/UE4Editor-PhysXVehiclesEditor.dll (API version 3709383).
LogModuleManager: Display: Found up-to-date module file ../../../Engine/Plugins/Runtime/ProceduralMeshComponent/Binaries/Win64/UE4Editor-ProceduralMeshComponent.dll (API version 3709383).
LogModuleManager: Display: Found up-to-date module file ../../../Engine/Plugins/Runtime/ProceduralMeshComponent/Binaries/Win64/UE4Editor-ProceduralMeshComponentEditor.dll (API version 3709383).
LogModuleManager: Display: Found up-to-date module file ../../../Engine/Plugins/Runtime/RuntimePhysXCooking/Binaries/Win64/UE4Editor-RuntimePhysXCooking.dll (API version 3709383).
LogModuleManager: Display: Found up-to-date module file ../../../Engine/Plugins/Runtime/Steam/SteamVR/Binaries/Win64/UE4Editor-SteamVR.dll (API version 3709383).
LogModuleManager: Display: Found up-to-date module file ../../../Engine/Plugins/Runtime/Steam/SteamVR/Binaries/Win64/UE4Editor-SteamVRController.dll (API version 3709383).
LogModuleManager: Display: Found up-to-date module file ../../../Engine/Plugins/Runtime/WindowsMoviePlayer/Binaries/Win64/UE4Editor-WindowsMoviePlayer.dll (API version 3709383).
LogInit: Using libcurl 7.47.1
LogInit:  - built for x86_64-pc-win32
LogInit:  - supports SSL with OpenSSL/1.0.2g
LogInit:  - supports HTTP deflate (compression) using libz 1.2.8
LogInit:  - other features:
LogInit:      CURL_VERSION_SSL
LogInit:      CURL_VERSION_LIBZ
LogInit:      CURL_VERSION_IPV6
LogInit:      CURL_VERSION_ASYNCHDNS
LogInit:      CURL_VERSION_LARGEFILE
LogInit:      CURL_VERSION_IDN
LogInit:  CurlRequestOptions (configurable via config and command line):
LogInit:  - bVerifyPeer = false  - Libcurl will NOT verify peer certificate
LogInit:  - bUseHttpProxy = false  - Libcurl will NOT use HTTP proxy
LogInit:  - bDontReuseConnections = false  - Libcurl will reuse connections
LogInit:  - CertBundlePath = nullptr  - Libcurl will use whatever was configured at build time.
LogHMD: Failed initializing OVRPlugin 1.19.0
LogInit: Build: ++UE4+Release-4.18-CL-3832480
LogInit: Engine Version: 4.18.3-3832480+++UE4+Release-4.18
LogInit: Compatible Engine Version: 4.18.0-3709383+++UE4+Release-4.18
LogInit: Net CL: 3709383
LogDevObjectVersion: Number of dev versions registered: 16
LogDevObjectVersion:   Dev-Blueprints (B0D832E4-1F89-4F0D-ACCF-7EB736FD4AA2): 10
LogDevObjectVersion:   Dev-Build (E1C64328-A22C-4D53-A36C-8E866417BD8C): 0
LogDevObjectVersion:   Dev-Core (375EC13C-06E4-48FB-B500-84F0262A717E): 2
LogDevObjectVersion:   Dev-Editor (E4B068ED-F494-42E9-A231-DA0B2E46BB41): 20
LogDevObjectVersion:   Dev-Framework (CFFC743F-43B0-4480-9391-14DF171D2073): 30
LogDevObjectVersion:   Dev-Mobile (B02B49B5-BB20-44E9-A304-32B752E40360): 0
LogDevObjectVersion:   Dev-Networking (A4E4105C-59A1-49B5-A7C5-40C4547EDFEE): 0
LogDevObjectVersion:   Dev-Online (39C831C9-5AE6-47DC-9A44-9C173E1C8E7C): 0
LogDevObjectVersion:   Dev-Physics (78F01B33-EBEA-4F98-B9B4-84EACCB95AA2): 0
LogDevObjectVersion:   Dev-Platform (6631380F-2D4D-43E0-8009-CF276956A95A): 0
LogDevObjectVersion:   Dev-Rendering (12F88B9F-8875-4AFC-A67C-D90C383ABD29): 20
LogDevObjectVersion:   Dev-Sequencer (7B5AE74C-D270-4C10-A958-57980B212A5A): 4
LogDevObjectVersion:   Dev-VR (D7296918-1DD6-4BDD-9DE2-64A83CC13884): 0
LogDevObjectVersion:   Dev-LoadTimes (C2A15278-BFE7-4AFE-6C17-90FF531DF755): 1
LogDevObjectVersion:   Private-Geometry (6EACA3D4-40EC-4CC1-B786-8BED09428FC5): 1
LogDevObjectVersion:   Dev-AnimPhys (29E575DD-E0A3-4627-9D10-D276232CDCEA): 12
LogInit: Compiled (64-bit): Jan 12 2018 02:04:55
LogInit: Compiled with Visual C++: 19.00.24215.01
LogInit: Build Configuration: Development
LogInit: Branch Name: ++UE4+Release-4.18
LogInit: Command line: -EpicPortal 
LogInit: Base directory: C:/Program Files/Epic Games/UE_4.18/Engine/Binaries/Win64/
LogInit: Installed Engine Build: 1
LogInit: Presizing for max 8388607 objects, including 0 objects not considered by GC, pre-allocating 0 bytes for permanent pool.
LogInit: Object subsystem initialized
[2018.03.04-22.09.58:746][  0]LogInit: Selected Device Profile: [Windows]
[2018.03.04-22.09.58:746][  0]LogInit: Applying CVar settings loaded from the selected device profile: [Windows]
[2018.03.04-22.09.58:755][  0]LogInit: Computer: DESKTOP-NLDOG7Q
[2018.03.04-22.09.58:755][  0]LogInit: User: lol
[2018.03.04-22.09.58:755][  0]LogInit: CPU Page size=4096, Cores=4
[2018.03.04-22.09.58:755][  0]LogInit: High frequency timer resolution =3.914064 MHz
[2018.03.04-22.09.58:755][  0]LogMemory: Memory total: Physical=16.0GB (16GB approx)
[2018.03.04-22.09.58:755][  0]LogMemory: Platform Memory Stats for Windows
[2018.03.04-22.09.58:755][  0]LogMemory: Process Physical Memory: 278.72 MB used, 278.72 MB peak
[2018.03.04-22.09.58:755][  0]LogMemory: Process Virtual Memory: 274.18 MB used, 274.18 MB peak
[2018.03.04-22.09.58:755][  0]LogMemory: Physical Memory: 9599.36 MB used,  6733.68 MB free, 16333.05 MB total
[2018.03.04-22.09.58:755][  0]LogMemory: Virtual Memory: 728.92 MB used,  6733.68 MB free, 134217728.00 MB total
[2018.03.04-22.09.58:869][  0]LogInit: Using OS detected language (en-US).
[2018.03.04-22.09.58:869][  0]LogInit: Using OS detected locale (en-US).
[2018.03.04-22.09.58:871][  0]LogTextLocalizationManager: No specific localization for 'en-US' exists, so the 'en' localization will be used.
[2018.03.04-22.09.59:222][  0]LogInit: Setting process to per monitor DPI aware
[2018.03.04-22.09.59:425][  0]LogD3D11RHI: D3D11 adapters:
[2018.03.04-22.09.59:472][  0]LogD3D11RHI:    0. 'NVIDIA GeForce GTX 1060 6GB' (Feature Level 11_0)
[2018.03.04-22.09.59:472][  0]LogD3D11RHI:       6061/0/8166 MB DedicatedVideo/DedicatedSystem/SharedSystem, Outputs:3, VendorId:0x10de
[2018.03.04-22.09.59:474][  0]LogD3D11RHI:    1. 'Microsoft Basic Render Driver' (Feature Level 11_0)
[2018.03.04-22.09.59:474][  0]LogD3D11RHI:       0/0/8166 MB DedicatedVideo/DedicatedSystem/SharedSystem, Outputs:0, VendorId:0x1414
[2018.03.04-22.09.59:474][  0]LogD3D11RHI: Chosen D3D11 Adapter: 0
[2018.03.04-22.09.59:481][  0]LogD3D11RHI: Creating new Direct3DDevice
[2018.03.04-22.09.59:481][  0]LogD3D11RHI:     GPU DeviceId: 0x1c03 (for the marketing name, search the web for "GPU Device Id")
[2018.03.04-22.09.59:481][  0]LogWindows: EnumDisplayDevices:
[2018.03.04-22.09.59:481][  0]LogWindows:    0. 'NVIDIA GeForce GTX 1060 6GB' (P:0 D:1)
[2018.03.04-22.09.59:481][  0]LogWindows:    1. 'NVIDIA GeForce GTX 1060 6GB' (P:0 D:1)
[2018.03.04-22.09.59:482][  0]LogWindows:    2. 'NVIDIA GeForce GTX 1060 6GB' (P:1 D:1)
[2018.03.04-22.09.59:482][  0]LogWindows:    3. 'NVIDIA GeForce GTX 1060 6GB' (P:0 D:0)
[2018.03.04-22.09.59:482][  0]LogWindows: DebugString: GetVideoDriverDetailsInvalid PrimaryIsNotTheChoosenAdapter GetVideoDriverDetailsInvalid PrimaryIsNotTheChoosenAdapter GetVideoDriverDetailsInvalid PrimaryIsNotTheChoosenAdapter GetVideoDriverDetailsInvalid PrimaryIsNotTheChoosenAdapter FoundDriverCount:0 
[2018.03.04-22.09.59:482][  0]LogD3D11RHI:     Adapter Name: NVIDIA GeForce GTX 1060 6GB
[2018.03.04-22.09.59:482][  0]LogD3D11RHI:   Driver Version: Unknown (internal:Unknown, unified:Unknown)
[2018.03.04-22.09.59:482][  0]LogD3D11RHI:      Driver Date: Unknown
[2018.03.04-22.09.59:482][  0]LogRHI: Texture pool is 4242 MB (70% of 6061 MB)
[2018.03.04-22.09.59:502][  0]LogD3D11RHI: Async texture creation enabled
[2018.03.04-22.09.59:511][  0]LogD3D11RHI: GPU Timing Frequency: 1000.000000 (Debug: 2 1)
[2018.03.04-22.09.59:659][  0]LogShaderCompilers: Guid format shader working directory is -20 characters bigger than the processId version (../../../../../../Users/lol/Documents/Git/EscapeRoom/EscapeRoom/Intermediate/Shaders/WorkingDirectory/10552/).
[2018.03.04-22.09.59:659][  0]LogShaderCompilers: Cleaned the shader compiler working directory 'C:/Users/lol/AppData/Local/Temp/UnrealShaderWorkingDir/8AAC50E5417CB478A56607B65485F00B/'.
[2018.03.04-22.09.59:659][  0]LogShaderCompilers: Display: Using Local Shader Compiler.
[2018.03.04-22.10.00:361][  0]LogTemp: Display: Loaded TP AllDesktopTargetPlatform
[2018.03.04-22.10.00:402][  0]LogTemp: Display: Loaded TP MacClientTargetPlatform
[2018.03.04-22.10.00:445][  0]LogTemp: Display: Loaded TP MacNoEditorTargetPlatform
[2018.03.04-22.10.00:487][  0]LogTemp: Display: Loaded TP MacServerTargetPlatform
[2018.03.04-22.10.00:528][  0]LogTemp: Display: Loaded TP MacTargetPlatform
[2018.03.04-22.10.00:569][  0]LogTemp: Display: Loaded TP WindowsClientTargetPlatform
[2018.03.04-22.10.00:608][  0]LogTemp: Display: Loaded TP WindowsNoEditorTargetPlatform
[2018.03.04-22.10.00:648][  0]LogTemp: Display: Loaded TP WindowsServerTargetPlatform
[2018.03.04-22.10.00:683][  0]LogTemp: Display: Loaded TP WindowsTargetPlatform
[2018.03.04-22.10.00:723][  0]LogTemp: Display: Loaded TP Android_ASTCTargetPlatform
[2018.03.04-22.10.00:762][  0]LogTemp: Display: Loaded TP Android_ATCTargetPlatform
[2018.03.04-22.10.00:801][  0]LogTemp: Display: Loaded TP Android_DXTTargetPlatform
[2018.03.04-22.10.00:840][  0]LogTemp: Display: Loaded TP Android_ETC1TargetPlatform
[2018.03.04-22.10.00:879][  0]LogTemp: Display: Loaded TP Android_ETC2TargetPlatform
[2018.03.04-22.10.00:956][  0]LogTemp: Display: Loaded TP Android_MultiTargetPlatform
[2018.03.04-22.10.00:956][  0]LogTemp: Display: Loaded TP Android_PVRTCTargetPlatform
[2018.03.04-22.10.00:994][  0]LogTemp: Display: Loaded TP AndroidTargetPlatform
[2018.03.04-22.10.01:024][  0]LogTemp: Display: Loaded TP HTML5TargetPlatform
[2018.03.04-22.10.01:099][  0]LogTemp: Display: Loaded TP IOSTargetPlatform
[2018.03.04-22.10.01:121][  0]LogTemp: Display: Loaded TP TVOSTargetPlatform
[2018.03.04-22.10.01:173][  0]LogTemp: Display: Loaded TP LinuxClientTargetPlatform
[2018.03.04-22.10.01:223][  0]LogTemp: Display: Loaded TP LinuxNoEditorTargetPlatform
[2018.03.04-22.10.01:262][  0]LogTemp: Display: Loaded TP LinuxServerTargetPlatform
[2018.03.04-22.10.01:306][  0]LogTemp: Display: Loaded TP LinuxTargetPlatform
[2018.03.04-22.10.01:306][  0]LogTargetPlatformManager: Display: Building Assets For Windows
[2018.03.04-22.10.01:662][  0]LogDerivedDataCache: Display: Max Cache Size: 512 MB
[2018.03.04-22.10.01:716][  0]LogDerivedDataCache: Loaded boot cache 0.05s 78MB C:/Users/lol/AppData/Local/UnrealEngine/4.18/DerivedDataCache/Boot.ddc.
[2018.03.04-22.10.01:716][  0]LogDerivedDataCache: Display: Loaded Boot cache: C:/Users/lol/AppData/Local/UnrealEngine/4.18/DerivedDataCache/Boot.ddc
[2018.03.04-22.10.01:716][  0]LogDerivedDataCache: FDerivedDataBackendGraph:  Pak pak cache file ../../../../../../Users/lol/Documents/Git/EscapeRoom/EscapeRoom/DerivedDataCache/DDC.ddp not found, will not use a pak cache.
[2018.03.04-22.10.01:716][  0]LogDerivedDataCache: Unable to find inner node Pak for hierarchical cache Hierarchy.
[2018.03.04-22.10.01:716][  0]LogDerivedDataCache: FDerivedDataBackendGraph:  CompressedPak pak cache file ../../../../../../Users/lol/Documents/Git/EscapeRoom/EscapeRoom/DerivedDataCache/Compressed.ddp not found, will not use a pak cache.
[2018.03.04-22.10.01:716][  0]LogDerivedDataCache: Unable to find inner node CompressedPak for hierarchical cache Hierarchy.
[2018.03.04-22.10.01:728][  0]LogDerivedDataCache: Display: Pak cache opened for reading ../../../Engine/DerivedDataCache/Compressed.ddp.
[2018.03.04-22.10.01:740][  0]LogDerivedDataCache: Using Local data cache path C:/Users/lol/AppData/Local/UnrealEngine/Common/DerivedDataCache: Writable
[2018.03.04-22.10.01:747][  0]LogMaterial: Verifying Global Shaders for PCD3D_SM5
[2018.03.04-22.10.01:748][  0]LogSlate: Using Freetype 2.6.0
[2018.03.04-22.10.01:748][  0]LogSlate: SlateFontCache - WITH_FREETYPE: 1, WITH_HARFBUZZ: 1
[2018.03.04-22.10.01:748][  0]LogSlate: SlateFontCache - WITH_FREETYPE: 1, WITH_HARFBUZZ: 1
[2018.03.04-22.10.02:025][  0]LogInit: Selected Device Profile: [Windows]
[2018.03.04-22.10.02:288][  0]LogSimplygon: Simplygon DLL not present - disabling.
[2018.03.04-22.10.02:320][  0]LogMeshReduction: Using SimplygonSwarm for distributed automatic mesh merging
[2018.03.04-22.10.02:320][  0]LogMeshReduction: Using QuadricMeshReduction for automatic static mesh reduction
[2018.03.04-22.10.02:320][  0]LogMeshReduction: No automatic skeletal mesh reduction module available
[2018.03.04-22.10.02:320][  0]LogMeshReduction: No automatic mesh merging module available
[2018.03.04-22.10.02:320][  0]LogMeshMerging: No automatic mesh merging module available
[2018.03.04-22.10.02:350][  0]LogNetVersion: EscapeRoom , NetCL: 3709383, EngineNetVer: 2, GameNetVer: 0 (Checksum: 405036175)
[2018.03.04-22.10.02:493][  0]LogAssetRegistry: FAssetRegistry took 0.0250 seconds to start up
[2018.03.04-22.10.02:869][  0]LogPackageLocalizationCache: Processed 7 localized package path(s) for 2 prioritized culture(s) in 0.060069 seconds
[2018.03.04-22.10.02:874][  0]LogUObjectArray: 35870 objects as part of root set at end of initial load.
[2018.03.04-22.10.02:874][  0]LogUObjectAllocator: 7363704 out of 0 bytes used by permanent object pool.
[2018.03.04-22.10.02:874][  0]LogUObjectArray: CloseDisregardForGC: 0/0 objects in disregard for GC pool
[2018.03.04-22.10.02:915][  0]LogInit: WinSock: version 1.1 (2.2), MaxSocks=32767, MaxUdp=65467
[2018.03.04-22.10.05:018][  0]LogTcpMessaging: Initializing TcpMessaging bridge
[2018.03.04-22.10.05:052][  0]LogUdpMessaging: Initializing bridge on interface 0.0.0.0:0 to multicast group 230.0.0.1:6666.
[2018.03.04-22.10.05:676][  0]LogMaterial: Uniform references updated for custom material expression Custom.
[2018.03.04-22.10.06:017][  0]SourceControl: Source control is disabled
[2018.03.04-22.10.06:017][  0]SourceControl: Source control is disabled
[2018.03.04-22.10.06:061][  0]SourceControl: Source control is disabled
[2018.03.04-22.10.06:107][  0]SourceControl: Source control is disabled
[2018.03.04-22.10.06:779][  0]LogAndroidPermission: UAndroidPermissionCallbackProxy::GetInstance
[2018.03.04-22.10.06:987][  0]LogOcInput: OculusInput pre-init called
[2018.03.04-22.10.07:236][  0]LogEngine: Initializing Engine...
[2018.03.04-22.10.07:238][  0]LogHMD: Failed to initialize OpenVR with code 100
[2018.03.04-22.10.07:407][  0]LogStats: UGameplayTagsManager::ConstructGameplayTagTree: Construct from data asset -  0.000 s
[2018.03.04-22.10.07:407][  0]LogStats: UGameplayTagsManager::ConstructGameplayTagTree: GameplayTagTreeChangedEvent.Broadcast -  0.000 s
[2018.03.04-22.10.07:514][  0]LogAIModule: Creating AISystem for world Untitled
[2018.03.04-22.10.07:538][  0]LogInit: XAudio2 using 'Speakers (Realtek High Definition Audio)' : 2 channels at 48 kHz using 32 bits per sample (channel mask 0x3)
[2018.03.04-22.10.07:550][  0]LogInit: FAudioDevice initialized.
[2018.03.04-22.10.07:699][  0]LogDerivedDataCache: Saved boot cache 0.15s 78MB C:/Users/lol/AppData/Local/UnrealEngine/4.18/DerivedDataCache/Boot.ddc.
[2018.03.04-22.10.07:710][  0]LogInit: Texture streaming: Enabled
[2018.03.04-22.10.07:809][  0]LogEngineSessionManager: EngineSessionManager initialized
[2018.03.04-22.10.07:981][  0]LogInit: Transaction tracking system initialized
[2018.03.04-22.10.08:353][  0]BlueprintLog: New page: Editor Load
[2018.03.04-22.10.09:099][  0]LocalizationService: Localization service is disabled
[2018.03.04-22.10.09:705][  0]LogConsoleResponse: Display: 
[2018.03.04-22.10.09:839][  0]LogCook: Display: Max memory allowance for cook 16384mb min free memory 0mb
[2018.03.04-22.10.09:839][  0]LogCook: Display: Mobile HDR setting 1
[2018.03.04-22.10.09:839][  0]LogGameplayTags: Display: UGameplayTagsManager::DoneAddingNativeTags. DelegateIsBound: 0
[2018.03.04-22.10.10:770][  0]LogFileCache: Scanning file cache for directory 'C:/Users/lol/Documents/Git/EscapeRoom/EscapeRoom/Content/' took 0.01s
[2018.03.04-22.10.10:814][  0]SourceControl: Source control is disabled
[2018.03.04-22.10.10:814][  0]Cmd: MAP LOAD FILE="../../../../../../Users/lol/Documents/Git/EscapeRoom/EscapeRoom/Content/NewMap.umap" TEMPLATE=0 SHOWPROGRESS=1 FEATURELEVEL=3
[2018.03.04-22.10.10:815][  0]LightingResults: New page: Lighting Build
[2018.03.04-22.10.10:857][  0]MapCheck: New page: Map Check
[2018.03.04-22.10.10:858][  0]LightingResults: New page: Lighting Build
[2018.03.04-22.10.11:153][  0]LogAIModule: Creating AISystem for world NewMap
[2018.03.04-22.10.11:157][  0]LogEditorServer: Finished looking for orphan Actors (0.000 secs)
[2018.03.04-22.10.11:166][  0]Cmd: MAP CHECKDEP NOCLEARLOG
[2018.03.04-22.10.11:208][  0]MapCheck: Map check complete: 0 Error(s), 0 Warning(s), took 41.544ms to complete.
[2018.03.04-22.10.11:208][  0]LogFileHelpers: Loading map 'NewMap' took 0.393
[2018.03.04-22.10.11:421][  0]LogCollectionManager: Loaded 0 collections in 0.001229 seconds
[2018.03.04-22.10.11:510][  0]LogFileCache: Scanning file cache for directory 'C:/Users/lol/Documents/Git/EscapeRoom/EscapeRoom/Saved/Collections/' took 0.01s
[2018.03.04-22.10.11:510][  0]LogFileCache: Scanning file cache for directory 'C:/Users/lol/Documents/Git/EscapeRoom/EscapeRoom/Content/Developers/lol/Collections/' took 0.01s
[2018.03.04-22.10.11:510][  0]LogFileCache: Scanning file cache for directory 'C:/Users/lol/Documents/Git/EscapeRoom/EscapeRoom/Content/Collections/' took 0.01s
[2018.03.04-22.10.11:510][  0]LogCollectionManager: Rebuilt the GUID cache for 0 collections in 0.000001 seconds
[2018.03.04-22.10.11:518][  0]LogContentBrowser: Native class hierarchy populated in 0.0082 seconds. Added 2367 classes and 523 folders.
[2018.03.04-22.10.11:576][  0]LogContentBrowser: Native class hierarchy updated for 'WidgetCarousel' in 0.0004 seconds. Added 0 classes and 0 folders.
[2018.03.04-22.10.11:604][  0]LogContentBrowser: Native class hierarchy updated for 'AddContentDialog' in 0.0004 seconds. Added 0 classes and 0 folders.
[2018.03.04-22.10.11:635][  0]LogSlate: Took 0.000173 seconds to synchronously load lazily loaded font '../../../Engine/Content/Slate/Fonts/Roboto-Regular.ttf' (155K)
[2018.03.04-22.10.11:639][  0]LogSlate: Took 0.000195 seconds to synchronously load lazily loaded font '../../../Engine/Content/Slate/Fonts/Roboto-Bold.ttf' (160K)
[2018.03.04-22.10.11:642][  0]LogSlate: Took 0.000171 seconds to synchronously load lazily loaded font '../../../Engine/Content/Editor/Slate/Fonts/FontAwesome.ttf' (139K)
[2018.03.04-22.10.11:721][  0]LogRenderer: Reallocating scene render targets to support 1212x644 Format 10 NumSamples 1 (Frame:1).
[2018.03.04-22.10.11:769][  0]LogSlate: Took 0.000144 seconds to synchronously load lazily loaded font '../../../Engine/Content/Slate/Fonts/Roboto-Light.ttf' (159K)
[2018.03.04-22.10.11:881][  0]LogContentBrowser: Native class hierarchy updated for 'HierarchicalLODOutliner' in 0.0005 seconds. Added 1 classes and 2 folders.
[2018.03.04-22.10.11:881][  0]LogLoad: (Engine Initialization) Total time: 15.77 seconds
[2018.03.04-22.10.11:881][  0]LogLoad: (Engine Initialization) Total Blueprint compile time: 0.00 seconds
[2018.03.04-22.10.11:881][  0]LogExternalProfiler: Found external profiler: VSPerf
[2018.03.04-22.10.11:881][  0]LogExternalProfiler: Using external profiler: VSPerf
[2018.03.04-22.10.11:890][  0]LogWindowsTextInputMethodSystem: Display: IME system now deactivated.
[2018.03.04-22.10.11:906][  0]LogAssetRegistry: Asset discovery search completed in 9.4346 seconds
[2018.03.04-22.10.11:908][  0]LogCollectionManager: Rebuilt the object cache for 0 collections in 0.000001 seconds (found 0 objects)
[2018.03.04-22.10.11:908][  0]LogCollectionManager: Fixed up redirectors for 0 collections in 0.000050 seconds (updated 0 objects)
[2018.03.04-22.10.11:910][  0]LogContentStreaming: Texture pool size now 1000 MB
[2018.03.04-22.15.28:314][950]LogVSAccessor: Warning: Couldn't access Visual Studio
[2018.03.04-22.15.28:327][950]Candidate modules for hot reload:
[2018.03.04-22.15.28:327][950]  EscapeRoom
[2018.03.04-22.15.28:327][950]Launching UnrealBuildTool... [C:/Program Files/Epic Games/UE_4.18/Engine/Binaries/DotNET/UnrealBuildTool.exe EscapeRoom -ModuleWithSuffix EscapeRoom 4158 Win64 Development -editorrecompile -canskiplink "C:/Users/lol/Documents/Git/EscapeRoom/EscapeRoom/EscapeRoom.uproject" ]
[2018.03.04-22.15.28:334][950]Warning: Starting HotReload took  0.0s.
[2018.03.04-22.15.32:651][454]CompilerResultsLog: New page: Compilation - Mar 4, 2018, 10:15:32 AM
[2018.03.04-22.15.32:651][454]CompilerResultsLog: Using 'git status' to determine working set for adaptive non-unity build.
[2018.03.04-22.15.32:651][454]CompilerResultsLog: Creating makefile for hot reloading EscapeRoom (modules to compile have changed)
[2018.03.04-22.15.32:651][454]CompilerResultsLog: Compiling game modules for hot reload
[2018.03.04-22.15.32:651][454]CompilerResultsLog: Target is up to date
[2018.03.04-22.15.32:651][454]CompilerResultsLog: Total build time: 4.15 seconds (NoActionsToExecute executor: 0.00 seconds)
[2018.03.04-22.15.32:651][454]LogMainFrame: MainFrame: Module compiling took 4.337 seconds
[2018.03.04-22.15.32:668][454]LogContentBrowser: Native class hierarchy populated in 0.0080 seconds. Added 2368 classes and 525 folders.
[2018.03.04-22.15.32:668][454]Display: HotReload took  4.4s.
[2018.03.04-22.15.33:220][520]LogTemp: Repeating last play command: Selected Viewport
[2018.03.04-22.15.33:248][520]LogPlayLevel: PlayLevel: No blueprints needed recompiling
[2018.03.04-22.15.33:248][520]PIE: New page: PIE session: NewMap (Mar 4, 2018, 10:15:33 AM)
[2018.03.04-22.15.33:248][520]LogPlayLevel: Creating play world package: /Game/UEDPIE_0_NewMap
[2018.03.04-22.15.33:252][520]LogPlayLevel: PIE: StaticDuplicateObject took: (0.003977s)
[2018.03.04-22.15.33:252][520]LogAIModule: Creating AISystem for world NewMap
[2018.03.04-22.15.33:253][520]LogPlayLevel: PIE: World Init took: (0.000671s)
[2018.03.04-22.15.33:253][520]LogPlayLevel: PIE: Created PIE world by copying editor world from /Game/NewMap.NewMap to /Game/UEDPIE_0_NewMap.NewMap (0.004928s)
[2018.03.04-22.15.33:278][520]LogInit: XAudio2 using 'Speakers (Realtek High Definition Audio)' : 2 channels at 48 kHz using 32 bits per sample (channel mask 0x3)
[2018.03.04-22.15.33:286][520]LogInit: FAudioDevice initialized.
[2018.03.04-22.15.33:327][520]LogLoad: Game class is 'EscapeRoomGameModeBase'
[2018.03.04-22.15.33:330][520]LogWorld: Bringing World /Game/UEDPIE_0_NewMap.NewMap up for play (max tick rate 0) at 2018.03.04-16.15.33
[2018.03.04-22.15.33:330][520]LogWorld: Bringing up level for play took: 0.000983
[2018.03.04-22.15.33:372][520]LogContentBrowser: Native class hierarchy updated for 'MovieSceneCapture' in 0.0004 seconds. Added 11 classes and 0 folders.
[2018.03.04-22.15.33:373][520]PIE: Play in editor start time for /Game/UEDPIE_0_NewMap -0.718
[2018.03.04-22.15.35:041][674]LogWindows: Error: === Critical error: ===
[2018.03.04-22.15.35:041][674]LogWindows: Error: 
[2018.03.04-22.15.35:041][674]LogWindows: Error: Fatal error!
[2018.03.04-22.15.35:041][674]LogWindows: Error: 
[2018.03.04-22.15.35:041][674]LogWindows: Error: Unhandled Exception: EXCEPTION_ACCESS_VIOLATION reading address 0x00000178
[2018.03.04-22.15.35:041][674]LogWindows: Error: 
[2018.03.04-22.15.35:041][674]LogWindows: Error: [Callstack] 0x0000000015DF9394 UE4Editor-Engine.dll!UnknownFunction []
[2018.03.04-22.15.35:041][674]LogWindows: Error: [Callstack] 0x0000000004D82000 UE4Editor-EscapeRoom.dll!UOpenDoor::TickComponent() [c:\users\lol\documents\git\escaperoom\escaperoom\source\escaperoom\opendoor.cpp:44]
[2018.03.04-22.15.35:041][674]LogWindows: Error: [Callstack] 0x00000000161A4BC7 UE4Editor-Engine.dll!UnknownFunction []
[2018.03.04-22.15.35:041][674]LogWindows: Error: [Callstack] 0x00000000161D12D4 UE4Editor-Engine.dll!UnknownFunction []
[2018.03.04-22.15.35:041][674]LogWindows: Error: [Callstack] 0x0000000016E09BDB UE4Editor-Engine.dll!UnknownFunction []
[2018.03.04-22.15.35:041][674]LogWindows: Error: [Callstack] 0x0000000016E0DD0B UE4Editor-Engine.dll!UnknownFunction []
[2018.03.04-22.15.35:041][674]LogWindows: Error: [Callstack] 0x000000001D3F4845 UE4Editor-Core.dll!UnknownFunction []
[2018.03.04-22.15.35:041][674]LogWindows: Error: [Callstack] 0x000000001D3F4B40 UE4Editor-Core.dll!UnknownFunction []
[2018.03.04-22.15.35:041][674]LogWindows: Error: [Callstack] 0x0000000016E27BB1 UE4Editor-Engine.dll!UnknownFunction []
[2018.03.04-22.15.35:041][674]LogWindows: Error: [Callstack] 0x0000000016E2C632 UE4Editor-Engine.dll!UnknownFunction []
[2018.03.04-22.15.35:041][674]LogWindows: Error: [Callstack] 0x000000001671D104 UE4Editor-Engine.dll!UnknownFunction []
[2018.03.04-22.15.35:041][674]LogWindows: Error: [Callstack] 0x00000000167266F8 UE4Editor-Engine.dll!UnknownFunction []
[2018.03.04-22.15.35:041][674]LogWindows: Error: [Callstack] 0x00000000143B6BA6 UE4Editor-UnrealEd.dll!UnknownFunction []
[2018.03.04-22.15.35:041][674]LogWindows: Error: [Callstack] 0x0000000014C64AC6 UE4Editor-UnrealEd.dll!UnknownFunction []
[2018.03.04-22.15.35:041][674]LogWindows: Error: [Callstack] 0x00000000700D5A26 UE4Editor.exe!UnknownFunction []
[2018.03.04-22.15.35:041][674]LogWindows: Error: [Callstack] 0x00000000700E5430 UE4Editor.exe!UnknownFunction []
[2018.03.04-22.15.35:041][674]LogWindows: Error: [Callstack] 0x00000000700E54AA UE4Editor.exe!UnknownFunction []
[2018.03.04-22.15.35:041][674]LogWindows: Error: [Callstack] 0x00000000700F2379 UE4Editor.exe!UnknownFunction []
[2018.03.04-22.15.35:041][674]LogWindows: Error: [Callstack] 0x00000000700F3D57 UE4Editor.exe!UnknownFunction []
[2018.03.04-22.15.35:041][674]LogWindows: Error: [Callstack] 0x0000000073E41FE4 KERNEL32.DLL!UnknownFunction []
[2018.03.04-22.15.35:041][674]LogWindows: Error: [Callstack] 0x00000000758DEFC1 ntdll.dll!UnknownFunction []
[2018.03.04-22.15.35:041][674]LogWindows: Error: [Callstack] 0x00000000758DEFC1 ntdll.dll!UnknownFunction []
[2018.03.04-22.15.35:041][674]LogWindows: Error: 
[2018.03.04-22.15.35:048][674]LogExit: Executing StaticShutdownAfterError
[2018.03.04-22.15.35:050][674]LogWindows: FPlatformMisc::RequestExit(1)
[2018.03.04-22.15.35:050][674]Log file closed, 03/04/18 16:15:35
